Pegasus 23.26-s005 yR5+5JOGoFD41eqkI3/4VA 2026-03-12 10:20:57 3837848 vcl-vm0-159
Copyright 2024 Cadence Design Systems, Inc.
All rights reserved worldwide.

INFO:    Command Line Options: -drc -log /home/v71349/eda-pilot/runs/digital-flow/20260312_100917_gpu_top/pegasus/gpu_top_drc.log -run_dir /home/v71349/eda-pilot/runs/digital-flow/20260312_100917_gpu_top/pegasus/run /home/v71349/eda-pilot/runs/digital-flow/20260312_100917_gpu_top/scripts/gpu_top_pegasus_drc.rul
INFO:    Launch host CPU: Model: Intel(R) Xeon(R) Gold 6248R CPU @ 3.00GHz, OS: Rocky Linux release 8.10 (Green Obsidian), Logical cores: 4, Physical cores: 4, Cache: 36608 KB, CPU Speed: 2992.97 MHz
         Launch host Memory: MemTotal: 15477 MB,  MemFree: 2195 MB,  SwapTotal: 16379 MB,  SwapFree: 16304 MB,  VmallocTotal: 33554431 MB,  VmallocUsed: 61 MB
INFO:    Current path: /home/v71349/torch2rtl
INFO:    Run directory: /home/v71349/eda-pilot/runs/digital-flow/20260312_100917_gpu_top/pegasus/run
INFO:    Log directory: /home/v71349/eda-pilot/runs/digital-flow/20260312_100917_gpu_top/pegasus/run/pegasus-1773325257-vcl-vm0-159-3837848
INFO:    PVL parsing results:

INFO:    See "/home/v71349/eda-pilot/runs/digital-flow/20260312_100917_gpu_top/pegasus/run/pegasus-1773325257-vcl-vm0-159-3837848/pvl.log" for additional details.

INFO:    Checking out 1 license(s) of feature: 'Pegasus_DRC' version 23.2
INFO:    License checkout successful ... 2026-03-12 10:21:01

INFO:    Checking out 1 license(s) of feature: 'Pegasus_16nm' version 23.2
INFO:    License checkout successful ... 2026-03-12 10:21:01
INFO:    Worker 0 started on host vcl-vm0-159 with 1 cpu(s)
         CPU: Model: Intel(R) Xeon(R) Gold 6248R CPU @ 3.00GHz, OS: Red Hat Enterprise Linux release 8.10 (Ootpa), Logical cores: 4, Physical cores: 4, Cache: 36608 KB, CPU Speed: 2992.97 MHz
         Memory: MemTotal: 15477 MB,  MemFree: 1982 MB,  SwapTotal: 16379 MB,  SwapFree: 16304 MB,  VmallocTotal: 33554431 MB,  VmallocUsed: 61 MB

INFO:    Gdsii input summary
         File name: /home/v71349/eda-pilot/runs/digital-flow/20260312_100917_gpu_top/innovus/out/gpu_top.gds
         File size: 14639330
         Version: 5.0
         Library name: DesignLib
         Last modified: 2026-3-12 10:20:22
         Last accessed: 2026-3-12 10:20:22
         Database unit in user units: 0.0005
         Database unit in meters: 5e-10
         Magnification: 1 

INFO:    Cell Summary:
         ----------------------------------------------------------------------------
             CELL              INSTANCE    GEOMETRY      LABELS        HREF        FREF
         ----------------------------------------------------------------------------
         CLKBUFX4                     0          71           0          54          54
         CLKBUFX2                     0          48           0           2           2
         CLKBUFX3                     0          54           0          11          11
         INVX1                        0          32           0         517         517
         INVX2                        0          41           0          28          28
         INVXL                        0          29           0          63          63
         AO21X2                       0          70           0           6           6
         AND2X1                       0          48           0         210         210
         AO21X1                       0          63           0          19          19
         AND2XL                       0          44           0          25          25
         NAND2X1                      0          42           0         733         733
         NAND4XL                      0          52           0         175         175
         OR2X1                        0          49           0         107         107
         AOI221X1                     0          73           0         546         546
         NAND2X2                      0          59           0          12          12
         NAND3X4                      0         105           0           8           8
         NAND4X1                      0          57           0         100         100
         NAND3X1                      0          52           0           7           7
         NOR2BX1                      0          47           0         138         138
         NAND3X2                      0          68           0           1           1
         NAND2XL                      0          37           0         512         512
         AOI222X1                     0          79           0          84          84
         AND3X4                       0          79           0           6           6
         AOI22XL                      0          55           0         596         596
         AO22XL                       0          67           0         981         981
         AOI22X1                      0          63           0         604         604
         OAI2BB1X1                    0          56           0         149         149
         OAI22X1                      0          64           0         392         392
         NAND2BX1                     0          48           0         126         126
         AND2X4                       0          83           0           9           9
         MX2XL                        0          65           0         100         100
         NOR2X1                       0          43           0         326         326
         OR3X1                        0          56           0           6           6
         AND2X6                       0          98           0           5           5
         NOR2X2                       0          57           0           7           7
         SDFFQX1                      0         157           0           1           1
         DFFHQX1                      0         120           0        1348        1348
         MXI2XL                       0          60           0         352         352
         OAI211X1                     0          62           0         227         227
         AND4XL                       0          61           0           2           2
         AOI32X1                      0          72           0          31          31
         NAND3BXL                     0          51           0          24          24
         OAI21X1                      0          56           0         223         223
         AOI21X1                      0          54           0         159         159
         AOI211XL                     0          55           0          53          53
         OAI21XL                      0          48           0          21          21
         NOR4X1                       0          56           0          12          12
         AOI31X1                      0          65           0          23          23
         OAI221X1                     0          72           0          75          75
         OAI31X1                      0          65           0           9           9
         OR4X1                        0          63           0          27          27
         OAI222X1                     0          78           0         166         166
         NOR3X1                       0          54           0           7           7
         OA21X1                       0          63           0          13          13
         AOI2BB1XL                    0          58           0           1           1
         NAND4BX1                     0          63           0          13          13
         NOR3BX1                      0          61           0           4           4
         AND3XL                       0          53           0           2           2
         NOR2XL                       0          37           0         199         199
         NOR4BX1                      0          64           0           4           4
         AOI33XL                      0          68           0          13          13
         OAI32X1                      0          78           0           6           6
         NAND3XL                      0          46           0           7           7
         OA22X1                       0          68           0           6           6
         CLKINVX4                     0          58           0           1           1
         OAI33X1                      0          72           0           6           6
         NAND4BBXL                    0          76           0           3           3
         NOR4BBX1                     0          80           0           3           3
         OAI22XL                      0          55           0          41          41
         OR2X4                        0          82           0           6           6
         NAND3BX1                     0          59           0           2           2
         NAND2BXL                     0          44           0          24          24
         AOI2BB1X1                    0          57           0           6           6
         AND4X1                       0          65           0           1           1
         AND2X2                       0          56           0          17          17
         ADDHX1                       0          98           0          32          32
         OR2XL                        0          44           0          58          58
         OR2X2                        0          55           0           4           4
         AOI21XL                      0          48           0           4           4
         CLKINVX8                     0          72           0           1           1
         OR2X6                        0         102           0           1           1
         XNOR2X1                      0          69           0         152         152
         AO21XL                       0          60           0           1           1
         AND3X2                       0          65           0           4           4
         DFFX1                        0         146           0           2           2
         NAND4BXL                     0          61           0           3           3
         NAND4X2                      0          80           0          20          20
         NOR2X4                       0          86           0           1           1
         CLKXOR2X1                    0          71           0           1           1
         ADDFX1                       0         133           0         701         701
         DFFQX2                       0         129           0          31          31
         OAI222XL                     0          74           0           1           1
         MX2X1                        0          68           0          12          12
         M2_M1_HV                     0           3           0        3631        3631
         M3_M2_2x1_VH_E               0           1           0       13859       13859
         M3_M2_1x2_VH_N               0           1           0        4290        4290
         M4_M3_2x1_HV_W               0           1           0        3727        3727
         M4_M3_2x1_HV_E               0           1           0        5275        5275
         M2_M1_1x2_HV_N               0           4           0       11213       11213
         M3_M2_1x2_VH_S               0           1           0        3083        3083
         M3_M2_2x1_VH_W               0           1           0       10607       10607
         M2_M1_2x1_HV_W               0           4           0        5386        5386
         M2_M1_HH                     0           3           0         207         207
         M4_M3_1x2_HV_N               0           1           0        1214        1214
         M3_M2_VH                     0           1           0         588         588
         M4_M3_1x2_HV_S               0           1           0         886         886
         M2_M1_1x2_VV_S               0           4           0        2012        2012
         M2_M1_1x2_HV_S               0           4           0        9317        9317
         M2_M1_1x2_VV_N               0           4           0        2431        2431
         M2_M1_2x1_HH_W               0           4           0         521         521
         M2_M1_2x1_HV_E               0           4           0        5991        5991
         M2_M1_VV                     0           3           0         321         321
         M5_M4_2x1_VH_W               0           1           0        1678        1678
         M5_M4_2x1_VH_E               0           1           0        1976        1976
         M2_M1_1x2_VV_C               0           4           0         815         815
         M6_M5_2x1_HV_W               0           0           0         336         336
         M5_M4_1x2_VH_S               0           1           0         236         236
         M6_M5_1x2_HV_N               0           0           0         124         124
         M5_M4_1x2_VH_N               0           1           0         324         324
         M6_M5_1x2_HV_S               0           0           0         128         128
         M6_M5_2x1_HV_E               0           0           0         438         438
         M4_M3_HH                     0           1           0          19          19
         M3_M2_HH                     0           1           0         150         150
         M2_M1_2x1_HH_E               0           4           0         899         899
         M4_M3_HV                     0           1           0          53          53
         M7_M6_2x1_VH_E               0           0           0          32          32
         M7_M6_2x1_VH_W               0           0           0          33          33
         M2_M1_2x1_HH_C               0           4           0        1199        1199
         M2_M1_VH                     0           3           0          35          35
         M3_M2_M_NH                   0           1           0           1           1
         M3_M2_HV                     0           1           0          11          11
         M3_M2_VV                     0           1           0           6           6
         M5_M4_VH                     0           1           0           2           2
         M4_M3_VH                     0           1           0           2           2
         M5_M4_HH                     0           1           0           3           3
         gpu_top                 103891       28360           0           1           1
         ----------------------------------------------------------------------------
         TOTAL CELL = 136;  INSTANCE = 103891;  GEOMETRY = 34561;  LABEL = 0

INFO:    Layer Summary:
         ----------------------------------------------------------------------------
             LAYER                              ID       HPN      HTC        FPN       FTC
         ----------------------------------------------------------------------------
         Bondpad                              1000         0         0         0         0
         CapMetal                             1001        14         0     43978         0
         Cont                                 1002      3122         0    378189         0
         ESDdummy                             1003         0         0         0         0
         INDdummy                             1004         0         0         0         0
         M1Resdum                             1005         0         0         0         0
         M2Resdum                             1006         0         0         0         0
         M3Resdum                             1007        13         0     15395         0
         M4Resdum                             1008         0         0         0         0
         M5Resdum                             1009         0         0         0         0
         M6Resdum                             1010         0         0         0         0
         M7Resdum                             1011         0         0         0         0
         M8Resdum                             1012         0         0         0         0
         M9Resdum                             1013         0         0         0         0
         M10Resdum                            1014         0         0         0         0
         M11Resdum                            1015         0         0         0         0
         Metal1                               1016      1692         0    200990         0
         Metal2                               1017         0         0         0         0
         Metal3                               1018         0         0         0         0
         Metal4                               1019         0         0         0         0
         Metal5                               1020         0         0         0         0
         Metal6                               1021        23         0     76573         0
         Metal7                               1022         0         0         0         0
         Metal8                               1023         0         0         0         0
         Metal9                               1024         0         0         0         0
         Metal10                              1025         0         0         0         0
         Metal11                              1026         0         0         0         0
         NPNdummy                             1027         0         0         0         0
         Nburied                              1028         0         0         0         0
         Nhvt                                 1029         0         0         0         0
         Nimp                                 1030       186         0     21664         0
         Nlvt                                 1031        24         0     83762         0
         Nwell                                1032        93         0     10832         0
         Nzvt                                 1033         0         0         0         0
         Oxide                                1034       404         0     49866         0
         Oxide_thk                            1035         0         0         0         0
         PNPdummy                             1036         0         0         0         0
         Phvt                                 1037         0         0         0         0
         Pimp                                 1038       186         0     21664         0
         Plvt                                 1039         0         0         0         0
         Poly                                 1040       444         0     61657         0
         Psub                                 1041         0         0         0         0
         ResWdum                              1042     19082         0     19082         0
         Resdum                               1043         0         0         0         0
         SiProt                               1044         0         0         0         0
         Via1                                 1045      9278         0      9278         0
         Via2                                 1046         0         0         0         0
         Via3                                 1047         0         0         0         0
         Via4                                 1048         0         0         0         0
         Via5                                 1049         0         0         0         0
         Via6                                 1050         0         0         0         0
         Via7                                 1051         0         0         0         0
         Via8                                 1052         0         0         0         0
         Via9                                 1053         0         0         0         0
         Via10                                1054         0         0         0         0
         metal1_conn_text                     1055         0         0         0         0
         metal2_conn_text                     1056         0         0         0         0
         metal3_conn_text                     1057         0         0         0         0
         metal4_conn_text                     1058         0         0         0         0
         metal5_conn_text                     1059         0         0         0         0
         metal6_conn_text                     1060         0         0         0         0
         metal7_conn_text                     1061         0         0         0         0
         metal8_conn_text                     1062         0         0         0         0
         metal9_conn_text                     1063         0         0         0         0
         metal10_conn_text                    1064         0         0         0         0
         metal11_conn_text                    1065         0         0         0         0
         poly_conn_text                       1066         0         0         0         0
         ----------------------------------------------------------------------------

INFO:    CHIP EXTENT: 19670 19060 414520 417490


INFO:    Ports ...
         ========================================================================

INFO:    Texts For Connectivity ...
         ========================================================================

INFO:    Texts For SELECT -LABEL ...
         ========================================================================

INFO:    Texts For EXPAND_TEXT_ORIGIN ...
         ========================================================================

INFO:    Texts For DFM_TEXT ...
         ========================================================================

INFO:    Layer Summary(Texts For Connectivity):
         ----------------------------------------------------------------------------
             LAYER                              ID       TEXTS
         ----------------------------------------------------------------------------
         ----------------------------------------------------------------------------

INFO:    Layer Summary(Texts For SELECT -LABEL):
         ----------------------------------------------------------------------------
             LAYER                              ID       TEXTS
         ----------------------------------------------------------------------------
         ----------------------------------------------------------------------------

INFO:    Layer Summary(Texts For EXPAND_TEXT_ORIGIN):
         ----------------------------------------------------------------------------
             LAYER                              ID       TEXTS
         ----------------------------------------------------------------------------
         ----------------------------------------------------------------------------

INFO:    Layer Summary(Texts For DFM_TEXT):
         ----------------------------------------------------------------------------
             LAYER                              ID       TEXTS
         ----------------------------------------------------------------------------
         ----------------------------------------------------------------------------

INFO:    Expanded Cell Summary
         M6_M5_2x1_HV_W is expanded.
         M6_M5_1x2_HV_N is expanded.
         M6_M5_1x2_HV_S is expanded.
         M6_M5_2x1_HV_E is expanded.
         M7_M6_2x1_VH_E is expanded.
         M7_M6_2x1_VH_W is expanded.
         M3_M2_1x2_VH_N is expanded.
         M4_M3_2x1_HV_W is expanded.
         M4_M3_2x1_HV_E is expanded.
         M3_M2_1x2_VH_S is expanded.
         M4_M3_1x2_HV_N is expanded.
         M3_M2_VH is expanded.
         M4_M3_1x2_HV_S is expanded.
         M5_M4_2x1_VH_W is expanded.
         M5_M4_2x1_VH_E is expanded.
         M5_M4_1x2_VH_S is expanded.
         M5_M4_1x2_VH_N is expanded.
         M4_M3_HH is expanded.
         M3_M2_HH is expanded.
         M4_M3_HV is expanded.
         M3_M2_M_NH is expanded.
         M3_M2_HV is expanded.
         M3_M2_VV is expanded.
         M5_M4_VH is expanded.
         M4_M3_VH is expanded.
         M5_M4_HH is expanded.
         CLKBUFX2 is expanded.
         CLKBUFX3 is expanded.
         AO21X2 is expanded.
         NAND2X2 is expanded.
         NAND3X4 is expanded.
         NAND3X1 is expanded.
         NAND3X2 is expanded.
         AND3X4 is expanded.
         AND2X4 is expanded.
         OR3X1 is expanded.
         AND2X6 is expanded.
         NOR2X2 is expanded.
         SDFFQX1 is expanded.
         AND4XL is expanded.
         OAI21XL is expanded.
         NOR4X1 is expanded.
         OAI31X1 is expanded.
         NOR3X1 is expanded.
         OA21X1 is expanded.
         AOI2BB1XL is expanded.
         NAND4BX1 is expanded.
         NOR3BX1 is expanded.
         AND3XL is expanded.
         NOR4BX1 is expanded.
         AOI33XL is expanded.
         OAI32X1 is expanded.
         NAND3XL is expanded.
         OA22X1 is expanded.
         CLKINVX4 is expanded.
         OAI33X1 is expanded.
         NAND4BBXL is expanded.
         NOR4BBX1 is expanded.
         OR2X4 is expanded.
         NAND3BX1 is expanded.
         AOI2BB1X1 is expanded.
         AND4X1 is expanded.
         AND2X2 is expanded.
         OR2X2 is expanded.
         AOI21XL is expanded.
         CLKINVX8 is expanded.
         OR2X6 is expanded.
         AO21XL is expanded.
         AND3X2 is expanded.
         DFFX1 is expanded.
         NAND4BXL is expanded.
         NOR2X4 is expanded.
         CLKXOR2X1 is expanded.
         OAI222XL is expanded.
         MX2X1 is expanded.
         M2_M1_HV is expanded.
         M3_M2_2x1_VH_E is expanded.
         M3_M2_2x1_VH_W is expanded.
         M2_M1_HH is expanded.
         M2_M1_VV is expanded.
         M2_M1_VH is expanded.
INFO:    Rule offgrid_check completed with no violations, 1/562
INFO:    Rule ortho_45_check completed with no violations, 2/562
INFO:    Rule acute_check completed with no violations, 3/562
INFO:    Rule NZVT.X.4 completed with no violations, 4/562
INFO:    Rule BONDPAD.L.1 completed with no violations, 5/562
INFO:    Rule NBL.X.1 completed with no violations, 6/562
INFO:    Rule NZVT.O.1 completed with no violations, 7/562
INFO:    Rule VIAk.X.3_VIAk.X.4 completed with no violations, 8/562
INFO:    Rule VIAk.X.3_VIAk.X.4_2 completed with no violations, 9/562
INFO:    Rule VIAk.X.3_VIAk.X.4_3 completed with no violations, 10/562
INFO:    Rule VIAk.X.3_VIAk.X.4_4 completed with no violations, 11/562
INFO:    Rule POLY.SE.3 completed with no violations, 12/562
INFO:    Rule VIA1.E.3 completed with no violations, 13/562
INFO:    Rule VIA2.E.3 completed with no violations, 14/562
INFO:    Rule VIA3.E.3 completed with no violations, 15/562
INFO:    Rule VIA4.E.3 completed with no violations, 16/562
INFO:    Rule VIA5.E.3 completed with no violations, 17/562
INFO:    Rule VIA6.E.3 completed with no violations, 18/562
INFO:    Rule VIA7.E.3 completed with no violations, 19/562
INFO:    Rule VIA8.E.3 completed with no violations, 20/562
INFO:    Rule BONDPAD.SP.5 completed with no violations, 21/562
INFO:    Rule BONDPAD.W.4 completed with no violations, 22/562
INFO:    Rule BONDPAD.SP.5_2 completed with no violations, 23/562
INFO:    Rule BONDPAD.W.4_2 completed with no violations, 24/562
INFO:    Rule BONDPAD.SP.5_3 completed with no violations, 25/562
INFO:    Rule BONDPAD.W.4_3 completed with no violations, 26/562
INFO:    Rule BONDPAD.SP.5_4 completed with no violations, 27/562
INFO:    Rule BONDPAD.W.4_4 completed with no violations, 28/562
INFO:    Rule BONDPAD.SP.5_5 completed with no violations, 29/562
INFO:    Rule BONDPAD.W.4_5 completed with no violations, 30/562
INFO:    Rule BONDPAD.SP.5_6 completed with no violations, 31/562
INFO:    Rule BONDPAD.W.4_6 completed with no violations, 32/562
INFO:    Rule BONDPAD.SP.5_7 completed with no violations, 33/562
INFO:    Rule BONDPAD.W.4_7 completed with no violations, 34/562
INFO:    Rule BONDPAD.SP.5_8 completed with no violations, 35/562
INFO:    Rule BONDPAD.W.4_8 completed with no violations, 36/562
INFO:    Rule BONDPAD.SP.5_9 completed with no violations, 37/562
INFO:    Rule BONDPAD.W.4_9 completed with no violations, 38/562
INFO:    Rule BONDPAD.SP.5_10 completed with no violations, 39/562
INFO:    Rule BONDPAD.W.4_10 completed with no violations, 40/562
INFO:    Rule OXIDE.L.1_OXIDE.L.2 completed with no violations, 41/562
INFO:    Rule BONDPAD.W.5 completed with no violations, 42/562
INFO:    Rule BONDPAD.W.5_2 completed with no violations, 43/562
INFO:    Rule BONDPAD.W.5_3 completed with no violations, 44/562
INFO:    Rule BONDPAD.W.5_4 completed with no violations, 45/562
INFO:    Rule BONDPAD.W.5_5 completed with no violations, 46/562
INFO:    Rule BONDPAD.W.5_6 completed with no violations, 47/562
INFO:    Rule BONDPAD.W.5_7 completed with no violations, 48/562
INFO:    Rule BONDPAD.W.5_8 completed with no violations, 49/562
INFO:    Rule BONDPAD.W.5_9 completed with no violations, 50/562
INFO:    Rule BONDPAD.W.5_10 completed with no violations, 51/562
INFO:    Rule VIA1.X.1 completed with no violations, 52/562
INFO:    Rule VIA2.X.1 completed with no violations, 53/562
INFO:    Rule VIA3.X.1 completed with no violations, 54/562
INFO:    Rule VIA4.X.1 completed with no violations, 55/562
INFO:    Rule VIA5.X.1 completed with no violations, 56/562
INFO:    Rule VIA6.X.1 completed with no violations, 57/562
INFO:    Rule VIA7.X.1 completed with no violations, 58/562
INFO:    Rule VIA8.X.1 completed with no violations, 59/562
INFO:    Rule BONDPAD.B.1A completed with no violations, 60/562
INFO:    Rule BONDPAD.B.1A_2 completed with no violations, 61/562
INFO:    Rule BONDPAD.B.1A_3 completed with no violations, 62/562
INFO:    Rule BONDPAD.B.1A_4 completed with no violations, 63/562
INFO:    Rule BONDPAD.B.1A_5 completed with no violations, 64/562
INFO:    Rule BONDPAD.B.1A_6 completed with no violations, 65/562
INFO:    Rule BONDPAD.B.1A_7 completed with no violations, 66/562
INFO:    Rule BONDPAD.B.1A_8 completed with no violations, 67/562
INFO:    Rule BONDPAD.B.1A_9 completed with no violations, 68/562
INFO:    Rule BONDPAD.B.1A_10 completed with no violations, 69/562
INFO:    Rule BONDPAD.B.1A_11 completed with no violations, 70/562
INFO:    Rule soft_check_3 completed with no violations, 71/562
INFO:    Rule soft_check_6 completed with no violations, 72/562
INFO:    Rule soft_check_9 completed with no violations, 73/562
INFO:    Rule soft_check_12 completed with 257 violations, 74/562
INFO:    Rule soft_check_15 completed with no violations, 75/562
INFO:    Rule soft_check_18 completed with no violations, 76/562
INFO:    Rule NBL.W.1 completed with no violations, 77/562
INFO:    Rule NBL.E.1 completed with no violations, 78/562
INFO:    Rule NBL.SP.1 completed with no violations, 79/562
INFO:    Rule NBL.SE.1 completed with no violations, 80/562
INFO:    Rule NBL.SE.2 completed with no violations, 81/562
INFO:    Rule NBL.SE.3 completed with no violations, 82/562
INFO:    Rule NBL.SE.4 completed with no violations, 83/562
INFO:    Rule NW.SP.2 completed with 496 violations, 84/562
INFO:    Rule NW.SP.2_2 completed with 1000 violations, 85/562
INFO:    Rule NW.W.1 completed with 858 violations, 86/562
INFO:    Rule NW.SE.2 completed with no violations, 87/562
INFO:    Rule NW.SE.1 completed with 70 violations, 88/562
INFO:    Rule NW.SE.3 completed with no violations, 89/562
INFO:    Rule NW.SE.4 completed with no violations, 90/562
INFO:    Rule NW.E.1 completed with no violations, 91/562
INFO:    Rule NW.E.2 completed with no violations, 92/562
INFO:    Rule NW.E.3 completed with no violations, 93/562
INFO:    Rule NW.E.4 completed with no violations, 94/562
INFO:    Rule NW.A.1 completed with no violations, 95/562
INFO:    Rule NW.EA.1 completed with no violations, 96/562
INFO:    Rule NWR.SE.1 completed with no violations, 97/562
INFO:    Rule NWR.E.1 completed with no violations, 98/562
INFO:    Rule NWR.E.2 completed with 1000 violations, 99/562
INFO:    Rule NWR.X.1 completed with no violations, 100/562
INFO:    Rule NWR.O.1 completed with no violations, 101/562
INFO:    Rule OXIDE.W.1 completed with no violations, 102/562
INFO:    Rule OXIDE.W.2.1.1 completed with no violations, 103/562
INFO:    Rule OXIDE.W.2.1.2 completed with no violations, 104/562
INFO:    Rule OXIDE.W.2.2.1 completed with no violations, 105/562
INFO:    Rule OXIDE.W.2.2.2 completed with no violations, 106/562
INFO:    Rule OXIDE.W.3 completed with no violations, 107/562
INFO:    Rule OXIDE.SP.1 completed with no violations, 108/562
INFO:    Rule OXIDE.SP.2 completed with no violations, 109/562
INFO:    Rule OXIDE.SP.3 completed with no violations, 110/562
INFO:    Rule OXIDE.SE.1 completed with no violations, 111/562
INFO:    Rule OXIDE.SP.4 completed with no violations, 112/562
INFO:    Rule OXIDE.A.1 completed with no violations, 113/562
INFO:    Rule OXIDE.EA.1 completed with no violations, 114/562
INFO:    Rule OXIDE.X.1 completed with no violations, 115/562
INFO:    Rule OXIDER.SE.2 completed with no violations, 116/562
INFO:    Rule OXIDER.SE.2_2 completed with no violations, 117/562
INFO:    Rule OXIDER.E.1 completed with no violations, 118/562
INFO:    Rule OXIDER.X.1 completed with no violations, 119/562
INFO:    Rule OXIDETHK.W.1 completed with no violations, 120/562
INFO:    Rule OXIDETHK.SP.1 completed with no violations, 121/562
INFO:    Rule OXIDETHK.SP.2 completed with no violations, 122/562
INFO:    Rule OXIDETHK.SE.1 completed with no violations, 123/562
INFO:    Rule OXIDETHK.SE.2 completed with no violations, 124/562
INFO:    Rule OXIDETHK.SE.3 completed with no violations, 125/562
INFO:    Rule OXIDETHK.E.1 completed with no violations, 126/562
INFO:    Rule OXIDETHK.SE.5 completed with no violations, 127/562
INFO:    Rule OXIDETHK.E.2 completed with no violations, 128/562
INFO:    Rule NHVT.W.1 completed with no violations, 129/562
INFO:    Rule NHVT.SP.1 completed with no violations, 130/562
INFO:    Rule NHVT.X.2 completed with no violations, 131/562
INFO:    Rule NHVT.X.3 completed with no violations, 132/562
INFO:    Rule NHVT.X.4 completed with no violations, 133/562
INFO:    Rule PHVT.W.1 completed with no violations, 134/562
INFO:    Rule PHVT.SP.1 completed with no violations, 135/562
INFO:    Rule PHVT.X.2 completed with no violations, 136/562
INFO:    Rule PHVT.X.3 completed with no violations, 137/562
INFO:    Rule PHVT.X.4 completed with no violations, 138/562
INFO:    Rule NLVT.W.1 completed with 1000 violations, 139/562
INFO:    Rule NLVT.SP.1 completed with 14 violations, 140/562
INFO:    Rule NLVT.X.2 completed with 1000 violations, 141/562
INFO:    Rule NLVT.X.3 completed with 1000 violations, 142/562
INFO:    Rule NLVT.X.4 completed with no violations, 143/562
INFO:    Rule PLVT.W.1 completed with no violations, 144/562
INFO:    Rule PLVT.SP.1 completed with no violations, 145/562
INFO:    Rule PLVT.X.2 completed with no violations, 146/562
INFO:    Rule PLVT.X.3 completed with no violations, 147/562
INFO:    Rule PLVT.X.4 completed with no violations, 148/562
INFO:    Rule NZVT.W.1 completed with no violations, 149/562
INFO:    Rule NZVT.SP.1 completed with no violations, 150/562
INFO:    Rule NZVT.SE.1 completed with no violations, 151/562
INFO:    Rule NZVT.SE.2 completed with no violations, 152/562
INFO:    Rule NZVT.E.1 completed with no violations, 153/562
INFO:    Rule NZVT.L.1 completed with no violations, 154/562
INFO:    Rule NZVT.W.2 completed with no violations, 155/562
INFO:    Rule NZVT.X.3 completed with no violations, 156/562
INFO:    Rule POLY.W.1 completed with no violations, 157/562
INFO:    Rule POLY.W.2 completed with no violations, 158/562
INFO:    Rule POLY.W.3 completed with no violations, 159/562
INFO:    Rule POLY.W.4 completed with no violations, 160/562
INFO:    Rule POLY.W.5 completed with no violations, 161/562
INFO:    Rule POLY.SP.1 completed with no violations, 162/562
INFO:    Rule POLY.SP.2 completed with no violations, 163/562
INFO:    Rule POLY.SP.3 completed with no violations, 164/562
INFO:    Rule POLY.SP.4 completed with no violations, 165/562
INFO:    Rule POLY.E.1 completed with no violations, 166/562
INFO:    Rule POLY.E.2 completed with no violations, 167/562
INFO:    Rule POLY.SE.1_POLY.SE.2 completed with no violations, 168/562
INFO:    Rule POLY.E.3 completed with no violations, 169/562
INFO:    Rule POLY.W.6 completed with no violations, 170/562
INFO:    Rule POLY.SP.5 completed with no violations, 171/562
INFO:    Rule POLY.X.1 completed with no violations, 172/562
INFO:    Rule POLY.X.2 completed with no violations, 173/562
INFO:    Rule POLY.A.1 completed with no violations, 174/562
INFO:    Rule POLY.EA.1 completed with no violations, 175/562
INFO:    Rule POLYR.E.1 completed with no violations, 176/562
INFO:    Rule POLYR.E.2 completed with no violations, 177/562
INFO:    Rule POLYR.E.3 completed with no violations, 178/562
INFO:    Rule POLYR.SE.2 completed with no violations, 179/562
INFO:    Rule POLYR.SE.2_2 completed with no violations, 180/562
INFO:    Rule POLYR.SE.2_3 completed with no violations, 181/562
INFO:    Rule POLYR.X.1 completed with no violations, 182/562
INFO:    Rule NIMP.W.1 completed with no violations, 183/562
INFO:    Rule NIMP.SP.1 completed with 1000 violations, 184/562
INFO:    Rule NIMP.E.1 completed with no violations, 185/562
INFO:    Rule NIMP.O.1 completed with no violations, 186/562
INFO:    Rule NIMP.SE.1 completed with no violations, 187/562
INFO:    Rule NIMP.E.2 completed with no violations, 188/562
INFO:    Rule NIMP.E.3 completed with no violations, 189/562
INFO:    Rule NIMP.E.4 completed with no violations, 190/562
INFO:    Rule NIMP.SE.2 completed with no violations, 191/562
INFO:    Rule NIMP.A.1 completed with no violations, 192/562
INFO:    Rule NIMP.EA.1 completed with no violations, 193/562
INFO:    Rule NIMP.SE.3 completed with no violations, 194/562
INFO:    Rule NIMP.X.1 completed with no violations, 195/562
INFO:    Rule PIMP.W.1 completed with no violations, 196/562
INFO:    Rule PIMP.SP.1 completed with 1000 violations, 197/562
INFO:    Rule PIMP.E.1 completed with no violations, 198/562
INFO:    Rule PIMP.O.1 completed with no violations, 199/562
INFO:    Rule PIMP.SE.1 completed with no violations, 200/562
INFO:    Rule PIMP.E.2 completed with no violations, 201/562
INFO:    Rule PIMP.E.3 completed with no violations, 202/562
INFO:    Rule PIMP.E.4 completed with no violations, 203/562
INFO:    Rule PIMP.SE.2 completed with no violations, 204/562
INFO:    Rule PIMP.A.1 completed with no violations, 205/562
INFO:    Rule PIMP.EA.1 completed with no violations, 206/562
INFO:    Rule PIMP.SE.3 completed with no violations, 207/562
INFO:    Rule CONT.W.1 completed with no violations, 208/562
INFO:    Rule CONT.SP.1 completed with no violations, 209/562
INFO:    Rule CONT.SP.2 completed with no violations, 210/562
INFO:    Rule CONT.SE.1 completed with no violations, 211/562
INFO:    Rule CONT.SE.2 completed with no violations, 212/562
INFO:    Rule CONT.SE.3 completed with no violations, 213/562
INFO:    Rule CONT.SE.4 completed with no violations, 214/562
INFO:    Rule CONT.E.1 completed with no violations, 215/562
INFO:    Rule CONT.E.2 completed with no violations, 216/562
INFO:    Rule CONT.E.3 completed with no violations, 217/562
INFO:    Rule CONT.E.4 completed with no violations, 218/562
INFO:    Rule CONT.E.4_2 completed with no violations, 219/562
INFO:    Rule CONT.X.1 completed with no violations, 220/562
INFO:    Rule CONT.X.2 completed with no violations, 221/562
INFO:    Rule CONT.X.2_2 completed with no violations, 222/562
INFO:    Rule CONT.X.3 completed with no violations, 223/562
INFO:    Rule SIPROT.W.1 completed with no violations, 224/562
INFO:    Rule SIPROT.SP.1 completed with no violations, 225/562
INFO:    Rule SIPROT.SE.1 completed with no violations, 226/562
INFO:    Rule SIPROT.SE.2 completed with no violations, 227/562
INFO:    Rule SIPROT.SE.3 completed with no violations, 228/562
INFO:    Rule SIPROT.E.2 completed with no violations, 229/562
INFO:    Rule SIPROT.E.1 completed with no violations, 230/562
INFO:    Rule SIPROT.E.3 completed with no violations, 231/562
INFO:    Rule SIPROT.A.1 completed with no violations, 232/562
INFO:    Rule SIPROT.SE.4 completed with no violations, 233/562
INFO:    Rule SIPROT.EA.1 completed with no violations, 234/562
INFO:    Rule METAL2.E.1_METAL2.E.2 completed with 1000 violations, 235/562
INFO:    Rule METAL3.E.1_METAL3.E.2 completed with no violations, 236/562
INFO:    Rule METAL4.E.1_METAL4.E.2 completed with no violations, 237/562
INFO:    Rule METAL5.E.1_METAL5.E.2 completed with no violations, 238/562
INFO:    Rule METAL6.E.1_METAL6.E.2 completed with no violations, 239/562
INFO:    Rule METAL7.E.1_METAL7.E.2 completed with no violations, 240/562
INFO:    Rule METAL8.E.1_METAL8.E.2 completed with no violations, 241/562
INFO:    Rule METAL9.E.1_METAL9.E.2 completed with no violations, 242/562
INFO:    Rule METAL10.E.1_METAL10.E.2 completed with no violations, 243/562
INFO:    Rule METAL11.E.1_METAL11.E.2 completed with no violations, 244/562
INFO:    Rule METAL1.E.1_METAL1.E.2 completed with no violations, 245/562
INFO:    Rule METAL1.W.1 completed with no violations, 246/562
INFO:    Rule METAL2.W.1 completed with no violations, 247/562
INFO:    Rule METAL3.W.1 completed with no violations, 248/562
INFO:    Rule METAL4.W.1 completed with no violations, 249/562
INFO:    Rule METAL5.W.1 completed with no violations, 250/562
INFO:    Rule METAL6.W.1 completed with 1 violations, 251/562
INFO:    Rule METAL7.W.1 completed with no violations, 252/562
INFO:    Rule METAL8.W.1 completed with no violations, 253/562
INFO:    Rule METAL9.W.1 completed with no violations, 254/562
INFO:    Rule METAL10.W.1 completed with no violations, 255/562
INFO:    Rule METAL11.W.1 completed with no violations, 256/562
INFO:    Rule METAL1.W.2 completed with no violations, 257/562
INFO:    Rule METAL2.W.2 completed with no violations, 258/562
INFO:    Rule METAL3.W.2 completed with no violations, 259/562
INFO:    Rule METAL4.W.2 completed with no violations, 260/562
INFO:    Rule METAL5.W.2 completed with no violations, 261/562
INFO:    Rule METAL6.W.2 completed with no violations, 262/562
INFO:    Rule METAL7.W.2 completed with no violations, 263/562
INFO:    Rule METAL8.W.2 completed with no violations, 264/562
INFO:    Rule METAL9.W.2 completed with no violations, 265/562
INFO:    Rule METAL10.W.2 completed with no violations, 266/562
INFO:    Rule METAL11.W.2 completed with no violations, 267/562
INFO:    Rule METAL1.SP.1.1 completed with no violations, 268/562
INFO:    Rule METAL2.SP.1.1 completed with no violations, 269/562
INFO:    Rule METAL3.SP.1.1 completed with no violations, 270/562
INFO:    Rule METAL4.SP.1.1 completed with no violations, 271/562
INFO:    Rule METAL5.SP.1.1 completed with no violations, 272/562
INFO:    Rule METAL6.SP.1.1 completed with 1000 violations, 273/562
INFO:    Rule METAL7.SP.1.1 completed with no violations, 274/562
INFO:    Rule METAL8.SP.1.1 completed with no violations, 275/562
INFO:    Rule METAL9.SP.1.1 completed with no violations, 276/562
INFO:    Rule METAL10.SP.1.1 completed with no violations, 277/562
INFO:    Rule METAL11.SP.1.1 completed with no violations, 278/562
WARNING: -para only is set since -project with constraint only supported with -para only.
INFO:    Rule METAL1.SP.1.2 completed with no violations, 279/562
INFO:    Rule METAL2.SP.1.2 completed with no violations, 280/562
INFO:    Rule METAL3.SP.1.2 completed with no violations, 281/562
INFO:    Rule METAL4.SP.1.2 completed with no violations, 282/562
INFO:    Rule METAL5.SP.1.2 completed with no violations, 283/562
WARNING: -para only is set since -project with constraint only supported with -para only.
INFO:    Rule METAL6.SP.1.2 completed with no violations, 284/562
INFO:    Rule METAL7.SP.1.2 completed with no violations, 285/562
INFO:    Rule METAL8.SP.1.2 completed with no violations, 286/562
INFO:    Rule METAL9.SP.1.2 completed with no violations, 287/562
INFO:    Rule METAL1.SP.1.3 completed with no violations, 288/562
INFO:    Rule METAL2.SP.1.3 completed with no violations, 289/562
INFO:    Rule METAL3.SP.1.3 completed with no violations, 290/562
INFO:    Rule METAL4.SP.1.3 completed with no violations, 291/562
INFO:    Rule METAL5.SP.1.3 completed with no violations, 292/562
INFO:    Rule METAL6.SP.1.3 completed with no violations, 293/562
INFO:    Rule METAL7.SP.1.3 completed with no violations, 294/562
INFO:    Rule METAL8.SP.1.3 completed with no violations, 295/562
INFO:    Rule METAL9.SP.1.3 completed with no violations, 296/562
INFO:    Rule METAL10.SP.1.2 completed with no violations, 297/562
INFO:    Rule METAL11.SP.1.2 completed with no violations, 298/562
INFO:    Rule METAL1.SP.1.4 completed with no violations, 299/562
INFO:    Rule METAL2.SP.1.4 completed with no violations, 300/562
INFO:    Rule METAL3.SP.1.4 completed with no violations, 301/562
INFO:    Rule METAL4.SP.1.4 completed with no violations, 302/562
INFO:    Rule METAL5.SP.1.4 completed with no violations, 303/562
INFO:    Rule METAL6.SP.1.4 completed with no violations, 304/562
INFO:    Rule METAL7.SP.1.4 completed with no violations, 305/562
INFO:    Rule METAL8.SP.1.4 completed with no violations, 306/562
INFO:    Rule METAL9.SP.1.4 completed with no violations, 307/562
INFO:    Rule METAL10.SP.1.3 completed with no violations, 308/562
INFO:    Rule METAL11.SP.1.3 completed with no violations, 309/562
INFO:    Rule METAL1.SP.1.5 completed with no violations, 310/562
INFO:    Rule METAL2.SP.1.5 completed with no violations, 311/562
INFO:    Rule METAL3.SP.1.5 completed with no violations, 312/562
INFO:    Rule METAL4.SP.1.5 completed with no violations, 313/562
INFO:    Rule METAL5.SP.1.5 completed with no violations, 314/562
INFO:    Rule METAL6.SP.1.5 completed with no violations, 315/562
INFO:    Rule METAL7.SP.1.5 completed with no violations, 316/562
INFO:    Rule METAL8.SP.1.5 completed with no violations, 317/562
INFO:    Rule METAL9.SP.1.5 completed with no violations, 318/562
INFO:    Rule METAL10.SP.1.4 completed with no violations, 319/562
INFO:    Rule METAL11.SP.1.4 completed with no violations, 320/562
INFO:    Rule METAL1.SP.1.6 completed with no violations, 321/562
INFO:    Rule METAL2.SP.1.6 completed with no violations, 322/562
INFO:    Rule METAL3.SP.1.6 completed with no violations, 323/562
INFO:    Rule METAL4.SP.1.6 completed with no violations, 324/562
INFO:    Rule METAL5.SP.1.6 completed with no violations, 325/562
INFO:    Rule METAL6.SP.1.6 completed with no violations, 326/562
INFO:    Rule METAL7.SP.1.6 completed with no violations, 327/562
INFO:    Rule METAL8.SP.1.6 completed with no violations, 328/562
INFO:    Rule METAL9.SP.1.6 completed with no violations, 329/562
INFO:    Rule METAL10.SP.1.5 completed with no violations, 330/562
INFO:    Rule METAL11.SP.1.5 completed with no violations, 331/562
INFO:    Rule METAL1.L.1 completed with no violations, 332/562
INFO:    Rule METAL2.L.1 completed with no violations, 333/562
INFO:    Rule METAL3.L.1 completed with no violations, 334/562
INFO:    Rule METAL4.L.1 completed with no violations, 335/562
INFO:    Rule METAL5.L.1 completed with no violations, 336/562
INFO:    Rule METAL6.L.1 completed with no violations, 337/562
INFO:    Rule METAL7.L.1 completed with no violations, 338/562
INFO:    Rule METAL8.L.1 completed with no violations, 339/562
INFO:    Rule METAL9.L.1 completed with no violations, 340/562
INFO:    Rule METAL1.SP.2 completed with no violations, 341/562
INFO:    Rule METAL1.W.3 completed with no violations, 342/562
INFO:    Rule METAL2.SP.2 completed with no violations, 343/562
INFO:    Rule METAL2.W.3 completed with no violations, 344/562
INFO:    Rule METAL3.SP.2 completed with no violations, 345/562
INFO:    Rule METAL3.W.3 completed with no violations, 346/562
INFO:    Rule METAL4.SP.2 completed with no violations, 347/562
INFO:    Rule METAL4.W.3 completed with no violations, 348/562
INFO:    Rule METAL5.SP.2 completed with no violations, 349/562
INFO:    Rule METAL5.W.3 completed with no violations, 350/562
INFO:    Rule METAL6.SP.2 completed with no violations, 351/562
INFO:    Rule METAL6.W.3 completed with no violations, 352/562
INFO:    Rule METAL7.SP.2 completed with no violations, 353/562
INFO:    Rule METAL7.W.3 completed with no violations, 354/562
INFO:    Rule METAL8.SP.2 completed with no violations, 355/562
INFO:    Rule METAL8.W.3 completed with no violations, 356/562
INFO:    Rule METAL9.SP.2 completed with no violations, 357/562
INFO:    Rule METAL9.W.3 completed with no violations, 358/562
INFO:    Rule METAL1.SP.3 completed with no violations, 359/562
INFO:    Rule METAL2.SP.3 completed with no violations, 360/562
INFO:    Rule METAL3.SP.3 completed with no violations, 361/562
INFO:    Rule METAL4.SP.3 completed with no violations, 362/562
INFO:    Rule METAL5.SP.3 completed with no violations, 363/562
INFO:    Rule METAL6.SP.3 completed with no violations, 364/562
INFO:    Rule METAL7.SP.3 completed with no violations, 365/562
INFO:    Rule METAL8.SP.3 completed with no violations, 366/562
INFO:    Rule METAL9.SP.3 completed with no violations, 367/562
INFO:    Rule METAL1.A.1 completed with no violations, 368/562
INFO:    Rule METAL2.A.1 completed with no violations, 369/562
INFO:    Rule METAL3.A.1 completed with no violations, 370/562
INFO:    Rule METAL4.A.1 completed with no violations, 371/562
INFO:    Rule METAL5.A.1 completed with no violations, 372/562
INFO:    Rule METAL6.A.1 completed with 1000 violations, 373/562
INFO:    Rule METAL7.A.1 completed with no violations, 374/562
INFO:    Rule METAL8.A.1 completed with no violations, 375/562
INFO:    Rule METAL9.A.1 completed with no violations, 376/562
INFO:    Rule METAL10.A.1 completed with no violations, 377/562
INFO:    Rule METAL11.A.1 completed with no violations, 378/562
INFO:    Rule METAL1.EA.1 completed with no violations, 379/562
INFO:    Rule METAL2.EA.1 completed with no violations, 380/562
INFO:    Rule METAL3.EA.1 completed with no violations, 381/562
INFO:    Rule METAL4.EA.1 completed with no violations, 382/562
INFO:    Rule METAL5.EA.1 completed with no violations, 383/562
INFO:    Rule METAL6.EA.1 completed with no violations, 384/562
INFO:    Rule METAL7.EA.1 completed with no violations, 385/562
INFO:    Rule METAL8.EA.1 completed with no violations, 386/562
INFO:    Rule METAL9.EA.1 completed with no violations, 387/562
INFO:    Rule METAL10.EA.1 completed with no violations, 388/562
INFO:    Rule METAL11.EA.1 completed with no violations, 389/562
INFO:    Rule CMET.S.1 completed with 1000 violations, 390/562
WARNING: 3 polygon result(s) segmented in DRC RuleCheck CMET.S.1.
WARNING: RuleCheck CMET.S.1 output to GDSII results with maximum polygon vertex count 4219 (more than 200).
INFO:    Rule CMET.W.1 completed with 1000 violations, 391/562
INFO:    Rule CMET.E.1 completed with no violations, 392/562
INFO:    Rule CMET.E.2 completed with no violations, 393/562
INFO:    Rule CMET.E.4 completed with no violations, 394/562
INFO:    Rule CMET.E.3 completed with no violations, 395/562
INFO:    Rule VIA1.W.1 completed with 1000 violations, 396/562
INFO:    Rule VIA1.SP.1 completed with no violations, 397/562
INFO:    Rule VIA2.W.1 completed with no violations, 398/562
INFO:    Rule VIA2.SP.1 completed with no violations, 399/562
INFO:    Rule VIA3.W.1 completed with no violations, 400/562
INFO:    Rule VIA3.SP.1 completed with no violations, 401/562
INFO:    Rule VIA4.W.1 completed with no violations, 402/562
INFO:    Rule VIA4.SP.1 completed with no violations, 403/562
INFO:    Rule VIA5.W.1 completed with no violations, 404/562
INFO:    Rule VIA5.SP.1 completed with no violations, 405/562
INFO:    Rule VIA6.W.1 completed with no violations, 406/562
INFO:    Rule VIA6.SP.1 completed with no violations, 407/562
INFO:    Rule VIA7.W.1 completed with no violations, 408/562
INFO:    Rule VIA7.SP.1 completed with no violations, 409/562
INFO:    Rule VIA8.W.1 completed with no violations, 410/562
INFO:    Rule VIA8.SP.1 completed with no violations, 411/562
INFO:    Rule VIA9.W.1 completed with no violations, 412/562
INFO:    Rule VIA9.SP.1 completed with no violations, 413/562
INFO:    Rule VIA10.W.1 completed with no violations, 414/562
INFO:    Rule VIA10.SP.1 completed with no violations, 415/562
INFO:    Rule VIA1.E.1 completed with 1000 violations, 416/562
INFO:    Rule VIA1.E.2 completed with 1000 violations, 417/562
INFO:    Rule VIA2.E.1 completed with no violations, 418/562
INFO:    Rule VIA2.E.2 completed with no violations, 419/562
INFO:    Rule VIA3.E.1 completed with no violations, 420/562
INFO:    Rule VIA3.E.2 completed with no violations, 421/562
INFO:    Rule VIA4.E.1 completed with no violations, 422/562
INFO:    Rule VIA4.E.2 completed with no violations, 423/562
INFO:    Rule VIA5.E.1 completed with no violations, 424/562
INFO:    Rule VIA5.E.2 completed with no violations, 425/562
INFO:    Rule VIA6.E.1 completed with no violations, 426/562
INFO:    Rule VIA6.E.2 completed with no violations, 427/562
INFO:    Rule VIA7.E.1 completed with no violations, 428/562
INFO:    Rule VIA7.E.2 completed with no violations, 429/562
INFO:    Rule VIA8.E.1 completed with no violations, 430/562
INFO:    Rule VIA8.E.2 completed with no violations, 431/562
INFO:    Rule VIA9.E.1 completed with no violations, 432/562
INFO:    Rule VIA9.E.2 completed with no violations, 433/562
INFO:    Rule VIA10.E.1 completed with no violations, 434/562
INFO:    Rule VIA10.E.2 completed with no violations, 435/562
INFO:    Rule VIA1.X.2 completed with no violations, 436/562
INFO:    Rule VIA2.X.2 completed with no violations, 437/562
INFO:    Rule VIA3.X.2 completed with no violations, 438/562
INFO:    Rule VIA4.X.2 completed with no violations, 439/562
INFO:    Rule VIA5.X.2 completed with no violations, 440/562
INFO:    Rule VIA6.X.2 completed with no violations, 441/562
INFO:    Rule VIA7.X.2 completed with no violations, 442/562
INFO:    Rule VIA8.X.2 completed with no violations, 443/562
INFO:    Rule LATCHUP.1 completed with no violations, 444/562
INFO:    Rule LATCHUP.2 completed with no violations, 445/562
INFO:    Rule ESD.1 completed with no violations, 446/562
INFO:    Rule ESD.5 completed with no violations, 447/562
INFO:    Rule ESD.6 completed with no violations, 448/562
INFO:    Rule ESD.7 completed with no violations, 449/562
INFO:    Rule ESD.7_2 completed with no violations, 450/562
INFO:    Rule ESD.11 completed with no violations, 451/562
INFO:    Rule ESD.12 completed with no violations, 452/562
INFO:    Rule ESD.13 completed with no violations, 453/562
INFO:    Rule ESD.14 completed with no violations, 454/562
INFO:    Rule ESD.15 completed with no violations, 455/562
INFO:    Rule BONDPAD.E.1 completed with no violations, 456/562
INFO:    Rule BONDPAD.SP.2 completed with no violations, 457/562
INFO:    Rule BONDPAD.E.1_2 completed with no violations, 458/562
INFO:    Rule BONDPAD.SP.2_2 completed with no violations, 459/562
INFO:    Rule BONDPAD.E.1_3 completed with no violations, 460/562
INFO:    Rule BONDPAD.SP.2_3 completed with no violations, 461/562
INFO:    Rule BONDPAD.E.1_4 completed with no violations, 462/562
INFO:    Rule BONDPAD.SP.2_4 completed with no violations, 463/562
INFO:    Rule BONDPAD.E.1_5 completed with no violations, 464/562
INFO:    Rule BONDPAD.SP.2_5 completed with no violations, 465/562
INFO:    Rule BONDPAD.E.1_6 completed with no violations, 466/562
INFO:    Rule BONDPAD.SP.2_6 completed with no violations, 467/562
INFO:    Rule BONDPAD.E.1_7 completed with no violations, 468/562
INFO:    Rule BONDPAD.SP.2_7 completed with no violations, 469/562
INFO:    Rule BONDPAD.E.1_8 completed with no violations, 470/562
INFO:    Rule BONDPAD.SP.2_8 completed with no violations, 471/562
INFO:    Rule BONDPAD.E.1_9 completed with no violations, 472/562
INFO:    Rule BONDPAD.SP.2_9 completed with no violations, 473/562
INFO:    Rule BONDPAD.E.1_10 completed with no violations, 474/562
INFO:    Rule BONDPAD.SP.2_10 completed with no violations, 475/562
INFO:    Rule BONDPAD.E.1_11 completed with no violations, 476/562
INFO:    Rule BONDPAD.SP.2_11 completed with no violations, 477/562
INFO:    Rule BONDPAD.W.1 completed with no violations, 478/562
INFO:    Rule BONDPAD.SP.1 completed with no violations, 479/562
INFO:    Rule BONDPAD.B.1B completed with no violations, 480/562
INFO:    Rule BONDPAD.B.1B_2 completed with no violations, 481/562
INFO:    Rule BONDPAD.B.1B_3 completed with no violations, 482/562
INFO:    Rule BONDPAD.B.1B_4 completed with no violations, 483/562
INFO:    Rule BONDPAD.B.1B_5 completed with no violations, 484/562
INFO:    Rule BONDPAD.B.1B_6 completed with no violations, 485/562
INFO:    Rule BONDPAD.B.1B_7 completed with no violations, 486/562
INFO:    Rule BONDPAD.B.1B_8 completed with no violations, 487/562
INFO:    Rule BONDPAD.B.1B_9 completed with no violations, 488/562
INFO:    Rule BONDPAD.B.1B_10 completed with no violations, 489/562
INFO:    Rule BONDPAD.B.1B_11 completed with no violations, 490/562
INFO:    Rule BONDPAD.SP.3 completed with no violations, 491/562
INFO:    Rule BONDPAD.SP.3_2 completed with no violations, 492/562
INFO:    Rule BONDPAD.SP.3_3 completed with no violations, 493/562
INFO:    Rule BONDPAD.SP.3_4 completed with no violations, 494/562
INFO:    Rule BONDPAD.SP.3_5 completed with no violations, 495/562
INFO:    Rule BONDPAD.SP.3_6 completed with no violations, 496/562
INFO:    Rule BONDPAD.SP.4 completed with no violations, 497/562
INFO:    Rule BONDPAD.SP.4_2 completed with no violations, 498/562
INFO:    Rule BONDPAD.SP.4_3 completed with no violations, 499/562
INFO:    Rule BONDPAD.SP.4_4 completed with no violations, 500/562
INFO:    Rule BONDPAD.E.2 completed with no violations, 501/562
INFO:    Rule BONDPAD.E.2_2 completed with no violations, 502/562
INFO:    Rule BONDPAD.E.2_3 completed with no violations, 503/562
INFO:    Rule BONDPAD.E.2_4 completed with no violations, 504/562
INFO:    Rule BONDPAD.E.2_5 completed with no violations, 505/562
INFO:    Rule BONDPAD.E.2_6 completed with no violations, 506/562
INFO:    Rule BONDPAD.E.3 completed with no violations, 507/562
INFO:    Rule BONDPAD.E.3_2 completed with no violations, 508/562
INFO:    Rule BONDPAD.E.3_3 completed with no violations, 509/562
INFO:    Rule BONDPAD.E.3_4 completed with no violations, 510/562
INFO:    Rule BONDPAD.E.2_7 completed with no violations, 511/562
INFO:    Rule BONDPAD.E.2_8 completed with no violations, 512/562
INFO:    Rule BONDPAD.E.2_9 completed with no violations, 513/562
INFO:    Rule BONDPAD.E.2_10 completed with no violations, 514/562
INFO:    Rule BONDPAD.E.2_11 completed with no violations, 515/562
INFO:    Rule BONDPAD.E.2_12 completed with no violations, 516/562
INFO:    Rule BONDPAD.E.3_5 completed with no violations, 517/562
INFO:    Rule BONDPAD.E.3_6 completed with no violations, 518/562
INFO:    Rule BONDPAD.E.3_7 completed with no violations, 519/562
INFO:    Rule BONDPAD.E.3_8 completed with no violations, 520/562
INFO:    Rule BONDPAD.SP.6 completed with no violations, 521/562
INFO:    Rule BONDPAD.SP.6_2 completed with no violations, 522/562
INFO:    Rule BONDPAD.SP.6_3 completed with no violations, 523/562
INFO:    Rule BONDPAD.SP.6_4 completed with no violations, 524/562
INFO:    Rule BONDPAD.SP.6_5 completed with no violations, 525/562
INFO:    Rule BONDPAD.SP.6_6 completed with no violations, 526/562
INFO:    Rule BONDPAD.SP.6_7 completed with no violations, 527/562
INFO:    Rule BONDPAD.SP.6_8 completed with no violations, 528/562
INFO:    Rule BONDPAD.SP.6_9 completed with no violations, 529/562
INFO:    Rule BONDPAD.SP.6_10 completed with no violations, 530/562
INFO:    Rule BONDPAD.SP.7 completed with no violations, 531/562
INFO:    Rule BONDPAD.SP.7_2 completed with no violations, 532/562
INFO:    Rule BONDPAD.SP.7_3 completed with no violations, 533/562
INFO:    Rule BONDPAD.SP.7_4 completed with no violations, 534/562
INFO:    Rule BONDPAD.SP.7_5 completed with no violations, 535/562
INFO:    Rule BONDPAD.SP.7_6 completed with no violations, 536/562
INFO:    Rule BONDPAD.SP.7_7 completed with no violations, 537/562
INFO:    Rule BONDPAD.SP.7_8 completed with no violations, 538/562
INFO:    Rule BONDPAD.SP.7_9 completed with no violations, 539/562
INFO:    Rule BONDPAD.SP.7_10 completed with no violations, 540/562
INFO:    Rule OXIDER.W.1.1 completed with no violations, 541/562
INFO:    Rule POLYR.W.1.1 completed with no violations, 542/562
INFO:    Rule soft_check_1 completed with no violations, 543/562
INFO:    Rule soft_check_2 completed with no violations, 544/562
INFO:    Rule soft_check_4 completed with 1000 violations, 545/562
INFO:    Rule soft_check_5 completed with 1 violations, 546/562
INFO:    Rule soft_check_7 completed with no violations, 547/562
INFO:    Rule soft_check_8 completed with no violations, 548/562
INFO:    Rule soft_check_10 completed with no violations, 549/562
INFO:    Rule soft_check_11 completed with no violations, 550/562
INFO:    Rule soft_check_13 completed with no violations, 551/562
INFO:    Rule soft_check_14 completed with no violations, 552/562
         Remaining rules: soft_check_16  soft_check_17  NW.SP.1  NW.SP.2_3  LATCHUP.3  LATCHUP.4  ESD.4  ESD.4_2  ESD.8  ESD.8_2 
INFO:    Rule soft_check_16 completed with no violations, 553/562
         Remaining rules: soft_check_17  NW.SP.1  NW.SP.2_3  LATCHUP.3  LATCHUP.4  ESD.4  ESD.4_2  ESD.8  ESD.8_2 
INFO:    Rule soft_check_17 completed with no violations, 554/562
         Remaining rules: NW.SP.1  NW.SP.2_3  LATCHUP.3  LATCHUP.4  ESD.4  ESD.4_2  ESD.8  ESD.8_2 
INFO:    Rule NW.SP.1 completed with 1000 violations, 555/562
         Remaining rules: NW.SP.2_3  LATCHUP.3  LATCHUP.4  ESD.4  ESD.4_2  ESD.8  ESD.8_2 
INFO:    Rule NW.SP.2_3 completed with 1000 violations, 556/562
         Remaining rules: LATCHUP.3  LATCHUP.4  ESD.4  ESD.4_2  ESD.8  ESD.8_2 
INFO:    Rule LATCHUP.3 completed with no violations, 557/562
         Remaining rules: LATCHUP.4  ESD.4  ESD.4_2  ESD.8  ESD.8_2 
INFO:    Rule LATCHUP.4 completed with no violations, 558/562
         Remaining rules: ESD.4  ESD.4_2  ESD.8  ESD.8_2 
INFO:    Rule ESD.4 completed with no violations, 559/562
         Remaining rules: ESD.4_2  ESD.8  ESD.8_2 
INFO:    Rule ESD.4_2 completed with no violations, 560/562
         Remaining rules: ESD.8  ESD.8_2 
INFO:    Rule ESD.8 completed with no violations, 561/562
         Remaining rules: ESD.8_2 
INFO:    Rule ESD.8_2 completed with no violations, 562/562
INFO:    Status: Runset 100% complete as of 2026-03-12 10:21:56   Elapsed: 00:00:55
         Worker: Active CPUs  Total Mem(MB)  Active Mem(MB)  CPU time(s)
              0:    1 /   1            130              33           54
INFO:	 Status: Finishing as of 2026-03-12 10:21:56   Elapsed: 00:00:55   CPU time[s]: 55
INFO:    Resource usage by worker at exit:
                  CPU      Elapsed  CPUs       CPU       Peak        Peak engine
         Worker:  time[s]  time[s]  Allocated  usage[%]  Memory[MB]  Memory[MB]
              0:       54       55          1     98.20         130           33
         Worker resource usage  summary: Total CPU[s]: 54  Run duration[s]: 55  Max peak memory[MB]: 130
         Worker CPU utilization summary: 54 of 55 available CPU seconds (98.18%) with 1 average available CPU(s)
INFO:    Generating summary in /home/v71349/eda-pilot/runs/digital-flow/20260312_100917_gpu_top/pegasus/run/result.sum
INFO:    All selected rules completed
         Total CPU Time                    : 55(s)
         Total Real Time                   : 56(s)
         Total Original Geometry           : 34561(992930)
         Total DRC RuleChecks              : 562
         Total DRC Results                 : 19697 (184124)
         ASCII report database is /home/v71349/eda-pilot/runs/digital-flow/20260312_100917_gpu_top/pegasus/gpu_top.db
INFO:    Checking in all SoftShare licenses.

Pegasus finished normally. 2026-03-12 10:21:56
