
Power Net Detected:
        Voltage	    Name
             0V	    VSS
           0.9V	    VDD
Using Power View: VIEW.

Begin Power Analysis

             0V	    VSS
           0.9V	    VDD

Begin Processing Timing Library for Power Calculation

Begin Processing Timing Library for Power Calculation



Begin Processing Power Net/Grid for Power Calculation

Ended Processing Power Net/Grid for Power Calculation: (cpu=0:00:00, real=0:00:00, mem(process/total/peak)=1721.20MB/3481.25MB/1792.42MB)

Begin Processing Timing Window Data for Power Calculation

clk(100MHz) CK: assigning clock clk to net clk
Ended Processing Timing Window Data for Power Calculation: (cpu=0:00:00, real=0:00:00, mem(process/total/peak)=1721.88MB/3481.25MB/1792.42MB)

Begin Processing User Attributes

Ended Processing User Attributes: (cpu=0:00:00, real=0:00:00, mem(process/total/peak)=1721.88MB/3481.25MB/1792.42MB)

Begin Processing Signal Activity


Starting Levelizing
2026-Mar-11 15:35:54 (2026-Mar-11 19:35:54 GMT)
2026-Mar-11 15:35:54 (2026-Mar-11 19:35:54 GMT): 10%
2026-Mar-11 15:35:54 (2026-Mar-11 19:35:54 GMT): 20%
2026-Mar-11 15:35:54 (2026-Mar-11 19:35:54 GMT): 30%
2026-Mar-11 15:35:54 (2026-Mar-11 19:35:54 GMT): 40%
2026-Mar-11 15:35:54 (2026-Mar-11 19:35:54 GMT): 50%
2026-Mar-11 15:35:54 (2026-Mar-11 19:35:54 GMT): 60%
2026-Mar-11 15:35:54 (2026-Mar-11 19:35:54 GMT): 70%
2026-Mar-11 15:35:54 (2026-Mar-11 19:35:54 GMT): 80%
2026-Mar-11 15:35:54 (2026-Mar-11 19:35:54 GMT): 90%

Finished Levelizing
2026-Mar-11 15:35:54 (2026-Mar-11 19:35:54 GMT)

Starting Activity Propagation
2026-Mar-11 15:35:54 (2026-Mar-11 19:35:54 GMT)
** INFO:  (VOLTUS_POWR-1356): No default input activity has been set. Defaulting to 0.2.
Use 'set_default_switching_activity -input_activity' command to change the default activity value.

2026-Mar-11 15:35:54 (2026-Mar-11 19:35:54 GMT): 10%
2026-Mar-11 15:35:54 (2026-Mar-11 19:35:54 GMT): 20%
2026-Mar-11 15:35:54 (2026-Mar-11 19:35:54 GMT): 30%
2026-Mar-11 15:35:54 (2026-Mar-11 19:35:54 GMT): 40%
2026-Mar-11 15:35:54 (2026-Mar-11 19:35:54 GMT): 50%
2026-Mar-11 15:35:54 (2026-Mar-11 19:35:54 GMT): 60%
2026-Mar-11 15:35:54 (2026-Mar-11 19:35:54 GMT): 70%
2026-Mar-11 15:35:54 (2026-Mar-11 19:35:54 GMT): 80%
2026-Mar-11 15:35:54 (2026-Mar-11 19:35:54 GMT): 90%

Finished Activity Propagation
2026-Mar-11 15:35:54 (2026-Mar-11 19:35:54 GMT)
Ended Processing Signal Activity: (cpu=0:00:00, real=0:00:00, mem(process/total/peak)=1721.88MB/3481.25MB/1792.42MB)

Begin Power Computation

      ----------------------------------------------------------
      # of cell(s) missing both power/leakage table: 0
      # of cell(s) missing power table: 0
      # of cell(s) missing leakage table: 0
      ----------------------------------------------------------



Starting Calculating power
2026-Mar-11 15:35:54 (2026-Mar-11 19:35:54 GMT)
 ... Calculating switching power
2026-Mar-11 15:35:54 (2026-Mar-11 19:35:54 GMT): 10%
2026-Mar-11 15:35:54 (2026-Mar-11 19:35:54 GMT): 20%
2026-Mar-11 15:35:54 (2026-Mar-11 19:35:54 GMT): 30%
2026-Mar-11 15:35:54 (2026-Mar-11 19:35:54 GMT): 40%
2026-Mar-11 15:35:54 (2026-Mar-11 19:35:54 GMT): 50%
 ... Calculating internal and leakage power
2026-Mar-11 15:35:54 (2026-Mar-11 19:35:54 GMT): 60%
2026-Mar-11 15:35:54 (2026-Mar-11 19:35:54 GMT): 70%
2026-Mar-11 15:35:54 (2026-Mar-11 19:35:54 GMT): 80%
2026-Mar-11 15:35:54 (2026-Mar-11 19:35:54 GMT): 90%

Finished Calculating power
2026-Mar-11 15:35:54 (2026-Mar-11 19:35:54 GMT)
      # of MSMV cell(s) missing power_level: 0
Ended Power Computation: (cpu=0:00:00, real=0:00:00, mem(process/total/peak)=1723.46MB/3489.25MB/1792.42MB)

Begin Processing User Attributes

Ended Processing User Attributes: (cpu=0:00:00, real=0:00:00, mem(process/total/peak)=1723.46MB/3489.25MB/1792.42MB)

Ended Power Analysis: (cpu=0:00:00, real=0:00:01, mem(process/total/peak)=1723.46MB/3489.25MB/1792.42MB)

Begin Boundary Leakage Calculation
Ended Boundary Leakage Calculation: (cpu=0:00:00, real=0:00:00,
mem(process/total/peak)=1723.46MB/3489.25MB/1792.42MB)
Begin Static Power Report Generation
*----------------------------------------------------------------------------------------
*	Innovus 21.17-s075_1 (64bit) 03/15/2023 11:17 (Linux 3.10.0-693.el7.x86_64)
*	
*
* 	Date & Time:	2026-Mar-11 15:35:55 (2026-Mar-11 19:35:55 GMT)
*
*----------------------------------------------------------------------------------------
*
*	Design: gpu_top_scalar
*
*	Liberty Libraries used:
*	        VIEW: /CMC/kits/cadence/GPDK045/gsclib045_all_v4.4/gsclib045/timing/slow_vdd1v0_basicCells.lib
*
*	Parasitic Files used:
*
*       Power View : VIEW
*
*       User-Defined Activity : N.A.
*
*       Activity File: N.A.
*
*       Hierarchical Global Activity: N.A.
*
*       Global Activity: N.A.
*
*       Sequential Element Activity: N.A.
*
*       Primary Input Activity: 0.200000
*
*       Default icg ratio: N.A.
*
*       Global Comb ClockGate Ratio: N.A.
*
*	Power Units = 1mW
*
*	Time Units = 1e-09 secs
*
*       report_power
*
-----------------------------------------------------------------------------------------
*



Total Power
-----------------------------------------------------------------------------------------
Total Internal Power:        0.15954791 	   65.2525%
Total Switching Power:       0.08480966 	   34.6857%
Total Leakage Power:         0.00015109 	    0.0618%
Total Power:                 0.24450866
-----------------------------------------------------------------------------------------


Group                           Internal   Switching     Leakage       Total  Percentage 
                                Power      Power         Power         Power  (%)        
-----------------------------------------------------------------------------------------
Sequential                       0.09094     0.01115   5.063e-05      0.1021       41.77
Macro                                  0           0           0           0           0
IO                                     0           0           0           0           0
Combinational                    0.06861     0.07366   0.0001005      0.1424       58.23
Clock (Combinational)                  0           0           0           0           0
Clock (Sequential)                     0           0           0           0           0
-----------------------------------------------------------------------------------------
Total                             0.1595     0.08481   0.0001511      0.2445         100
-----------------------------------------------------------------------------------------


Rail                  Voltage   Internal   Switching     Leakage       Total  Percentage 
                                Power      Power         Power         Power  (%)        
-----------------------------------------------------------------------------------------
VDD                       0.9     0.1595     0.08481   0.0001511      0.2445         100
 
 
-----------------------------------------------------------------------------------------
*	Power Distribution Summary: 
*              Highest Average Power:      MULT_TC_OP_cdnfadd14 (ADDFX1):        0.0007135
*              Highest Leakage Power:             MULT_TC_OP_g2 (XNOR3X1):        1.735e-07
*                Total Cap:      7.03619e-12 F
*                Total instances in design:  3009
*                Total instances in design with no power:     0
*                Total instances in design with no activty:     0

*                Total Fillers and Decap:     0
-----------------------------------------------------------------------------------------
 
** INFO:  (VOLTUS_POWR-3465): There are 0 decaps and 0 fillers in the design

Ended Static Power Report Generation: (cpu=0:00:00, real=0:00:00,
mem(process/total/peak)=1725.21MB/3489.25MB/1792.42MB)

