****************************************
Report : timing
	-path_type full
	-delay_type min
	-slack_lesser_than 1000.00
	-max_paths 20
	-sort_by slack
Design : gpu_top_scalar
Version: W-2024.09-SP2
Date   : Thu Mar 12 10:31:05 2026
****************************************


  Startpoint: regfile_regs_reg[6][1]
               (rising edge-triggered flip-flop clocked by clk)
  Endpoint: regfile_regs_reg[6][1]
               (rising edge-triggered flip-flop clocked by clk)
  Last common pin: clk
  Path Group: clk
  Path Type: min

  Point                                                   Incr       Path
  ------------------------------------------------------------------------------
  clock clk (rise edge)                                   0.00       0.00
  clock network delay (propagated)                        0.13       0.13
  regfile_regs_reg[6][1]/CK (DFFHQX1)                     0.00       0.13 r
  regfile_regs_reg[6][1]/Q (DFFHQX1)                      0.25 &     0.37 f
  g32787__6783/Y (OAI2BB1X1)                              0.10 &     0.47 f
  regfile_regs_reg[6][1]/D (DFFHQX1)                      0.00 &     0.47 f
  data arrival time                                                  0.47

  clock clk (rise edge)                                   0.00       0.00
  clock network delay (propagated)                        0.13       0.13
  regfile_regs_reg[6][1]/CK (DFFHQX1)                                0.13 r
  clock reconvergence pessimism                           0.00       0.13
  library hold time                                       0.03       0.16
  data required time                                                 0.16
  ------------------------------------------------------------------------------
  data required time                                                 0.16
  data arrival time                                                 -0.47
  ------------------------------------------------------------------------------
  slack (MET)                                                        0.31


  Startpoint: lsu_load_data_reg[29]
               (rising edge-triggered flip-flop clocked by clk)
  Endpoint: lsu_load_data_reg[29]
               (rising edge-triggered flip-flop clocked by clk)
  Last common pin: clk
  Path Group: clk
  Path Type: min

  Point                                                   Incr       Path
  ------------------------------------------------------------------------------
  clock clk (rise edge)                                   0.00       0.00
  clock network delay (propagated)                        0.12       0.12
  lsu_load_data_reg[29]/CK (DFFHQX1)                      0.00       0.12 r
  lsu_load_data_reg[29]/Q (DFFHQX1)                       0.24 &     0.36 f
  g34221/Y (AOI22X1)                                      0.07 &     0.43 r
  g34040/Y (NOR2X1)                                       0.06 &     0.49 f
  lsu_load_data_reg[29]/D (DFFHQX1)                       0.00 &     0.49 f
  data arrival time                                                  0.49

  clock clk (rise edge)                                   0.00       0.00
  clock network delay (propagated)                        0.12       0.12
  lsu_load_data_reg[29]/CK (DFFHQX1)                                 0.12 r
  clock reconvergence pessimism                           0.00       0.12
  library hold time                                       0.04       0.16
  data required time                                                 0.16
  ------------------------------------------------------------------------------
  data required time                                                 0.16
  data arrival time                                                 -0.49
  ------------------------------------------------------------------------------
  slack (MET)                                                        0.32


  Startpoint: regfile_regs_reg[5][1]
               (rising edge-triggered flip-flop clocked by clk)
  Endpoint: regfile_regs_reg[5][1]
               (rising edge-triggered flip-flop clocked by clk)
  Last common pin: clk
  Path Group: clk
  Path Type: min

  Point                                                   Incr       Path
  ------------------------------------------------------------------------------
  clock clk (rise edge)                                   0.00       0.00
  clock network delay (propagated)                        0.12       0.12
  regfile_regs_reg[5][1]/CK (DFFHQX1)                     0.00       0.12 r
  regfile_regs_reg[5][1]/Q (DFFHQX1)                      0.25 &     0.37 f
  g32786__5526/Y (OAI2BB1X1)                              0.11 &     0.48 f
  regfile_regs_reg[5][1]/D (DFFHQX1)                      0.00 &     0.48 f
  data arrival time                                                  0.48

  clock clk (rise edge)                                   0.00       0.00
  clock network delay (propagated)                        0.12       0.12
  regfile_regs_reg[5][1]/CK (DFFHQX1)                                0.12 r
  clock reconvergence pessimism                           0.00       0.12
  library hold time                                       0.03       0.15
  data required time                                                 0.15
  ------------------------------------------------------------------------------
  data required time                                                 0.15
  data arrival time                                                 -0.48
  ------------------------------------------------------------------------------
  slack (MET)                                                        0.32


  Startpoint: regfile_regs_reg[3][1]
               (rising edge-triggered flip-flop clocked by clk)
  Endpoint: regfile_regs_reg[3][1]
               (rising edge-triggered flip-flop clocked by clk)
  Last common pin: clk
  Path Group: clk
  Path Type: min

  Point                                                   Incr       Path
  ------------------------------------------------------------------------------
  clock clk (rise edge)                                   0.00       0.00
  clock network delay (propagated)                        0.13       0.13
  regfile_regs_reg[3][1]/CK (DFFHQX1)                     0.00       0.13 r
  regfile_regs_reg[3][1]/Q (DFFHQX1)                      0.25 &     0.38 f
  g32783__6260/Y (OAI2BB1X1)                              0.10 &     0.48 f
  regfile_regs_reg[3][1]/D (DFFHQX1)                      0.00 &     0.48 f
  data arrival time                                                  0.48

  clock clk (rise edge)                                   0.00       0.00
  clock network delay (propagated)                        0.13       0.13
  regfile_regs_reg[3][1]/CK (DFFHQX1)                                0.13 r
  clock reconvergence pessimism                           0.00       0.13
  library hold time                                       0.03       0.16
  data required time                                                 0.16
  ------------------------------------------------------------------------------
  data required time                                                 0.16
  data arrival time                                                 -0.48
  ------------------------------------------------------------------------------
  slack (MET)                                                        0.33


  Startpoint: regfile_regs_reg[7][1]
               (rising edge-triggered flip-flop clocked by clk)
  Endpoint: regfile_regs_reg[7][1]
               (rising edge-triggered flip-flop clocked by clk)
  Last common pin: clk
  Path Group: clk
  Path Type: min

  Point                                                   Incr       Path
  ------------------------------------------------------------------------------
  clock clk (rise edge)                                   0.00       0.00
  clock network delay (propagated)                        0.13       0.13
  regfile_regs_reg[7][1]/CK (DFFHQX1)                     0.00       0.13 r
  regfile_regs_reg[7][1]/Q (DFFHQX1)                      0.25 &     0.38 f
  g32788__3680/Y (OAI2BB1X1)                              0.11 &     0.49 f
  regfile_regs_reg[7][1]/D (DFFHQX1)                      0.00 &     0.49 f
  data arrival time                                                  0.49

  clock clk (rise edge)                                   0.00       0.00
  clock network delay (propagated)                        0.13       0.13
  regfile_regs_reg[7][1]/CK (DFFHQX1)                                0.13 r
  clock reconvergence pessimism                           0.00       0.13
  library hold time                                       0.03       0.16
  data required time                                                 0.16
  ------------------------------------------------------------------------------
  data required time                                                 0.16
  data arrival time                                                 -0.49
  ------------------------------------------------------------------------------
  slack (MET)                                                        0.33


  Startpoint: lsu_load_data_reg[4]
               (rising edge-triggered flip-flop clocked by clk)
  Endpoint: lsu_load_data_reg[4]
               (rising edge-triggered flip-flop clocked by clk)
  Last common pin: clk
  Path Group: clk
  Path Type: min

  Point                                                   Incr       Path
  ------------------------------------------------------------------------------
  clock clk (rise edge)                                   0.00       0.00
  clock network delay (propagated)                        0.12       0.12
  lsu_load_data_reg[4]/CK (DFFHQX1)                       0.00       0.12 r
  lsu_load_data_reg[4]/Q (DFFHQX1)                        0.24 &     0.36 f
  g34202/Y (AOI22X1)                                      0.07 &     0.43 r
  g34016/Y (NOR2X1)                                       0.06 &     0.49 f
  lsu_load_data_reg[4]/D (DFFHQX1)                        0.00 &     0.49 f
  data arrival time                                                  0.49

  clock clk (rise edge)                                   0.00       0.00
  clock network delay (propagated)                        0.12       0.12
  lsu_load_data_reg[4]/CK (DFFHQX1)                                  0.12 r
  clock reconvergence pessimism                           0.00       0.12
  library hold time                                       0.04       0.16
  data required time                                                 0.16
  ------------------------------------------------------------------------------
  data required time                                                 0.16
  data arrival time                                                 -0.49
  ------------------------------------------------------------------------------
  slack (MET)                                                        0.33


  Startpoint: lsu_load_data_reg[2]
               (rising edge-triggered flip-flop clocked by clk)
  Endpoint: lsu_load_data_reg[2]
               (rising edge-triggered flip-flop clocked by clk)
  Last common pin: clk
  Path Group: clk
  Path Type: min

  Point                                                   Incr       Path
  ------------------------------------------------------------------------------
  clock clk (rise edge)                                   0.00       0.00
  clock network delay (propagated)                        0.12       0.12
  lsu_load_data_reg[2]/CK (DFFHQX1)                       0.00       0.12 r
  lsu_load_data_reg[2]/Q (DFFHQX1)                        0.24 &     0.36 f
  g34197/Y (AOI22X1)                                      0.07 &     0.43 r
  g34014/Y (NOR2X1)                                       0.06 &     0.49 f
  lsu_load_data_reg[2]/D (DFFHQX1)                        0.00 &     0.49 f
  data arrival time                                                  0.49

  clock clk (rise edge)                                   0.00       0.00
  clock network delay (propagated)                        0.12       0.12
  lsu_load_data_reg[2]/CK (DFFHQX1)                                  0.12 r
  clock reconvergence pessimism                           0.00       0.12
  library hold time                                       0.04       0.16
  data required time                                                 0.16
  ------------------------------------------------------------------------------
  data required time                                                 0.16
  data arrival time                                                 -0.49
  ------------------------------------------------------------------------------
  slack (MET)                                                        0.33


  Startpoint: regfile_regs_reg[4][1]
               (rising edge-triggered flip-flop clocked by clk)
  Endpoint: regfile_regs_reg[4][1]
               (rising edge-triggered flip-flop clocked by clk)
  Last common pin: clk
  Path Group: clk
  Path Type: min

  Point                                                   Incr       Path
  ------------------------------------------------------------------------------
  clock clk (rise edge)                                   0.00       0.00
  clock network delay (propagated)                        0.13       0.13
  regfile_regs_reg[4][1]/CK (DFFHQX1)                     0.00       0.13 r
  regfile_regs_reg[4][1]/Q (DFFHQX1)                      0.25 &     0.38 f
  g32785__8428/Y (OAI2BB1X1)                              0.11 &     0.49 f
  regfile_regs_reg[4][1]/D (DFFHQX1)                      0.00 &     0.49 f
  data arrival time                                                  0.49

  clock clk (rise edge)                                   0.00       0.00
  clock network delay (propagated)                        0.13       0.13
  regfile_regs_reg[4][1]/CK (DFFHQX1)                                0.13 r
  clock reconvergence pessimism                           0.00       0.13
  library hold time                                       0.03       0.16
  data required time                                                 0.16
  ------------------------------------------------------------------------------
  data required time                                                 0.16
  data arrival time                                                 -0.49
  ------------------------------------------------------------------------------
  slack (MET)                                                        0.33


  Startpoint: lsu_load_data_reg[12]
               (rising edge-triggered flip-flop clocked by clk)
  Endpoint: lsu_load_data_reg[12]
               (rising edge-triggered flip-flop clocked by clk)
  Last common pin: clk
  Path Group: clk
  Path Type: min

  Point                                                   Incr       Path
  ------------------------------------------------------------------------------
  clock clk (rise edge)                                   0.00       0.00
  clock network delay (propagated)                        0.13       0.13
  lsu_load_data_reg[12]/CK (DFFHQX1)                      0.00       0.13 r
  lsu_load_data_reg[12]/Q (DFFHQX1)                       0.24 &     0.37 f
  g34209/Y (AOI22X1)                                      0.07 &     0.44 r
  g34024/Y (NOR2X1)                                       0.06 &     0.50 f
  lsu_load_data_reg[12]/D (DFFHQX1)                       0.00 &     0.50 f
  data arrival time                                                  0.50

  clock clk (rise edge)                                   0.00       0.00
  clock network delay (propagated)                        0.13       0.13
  lsu_load_data_reg[12]/CK (DFFHQX1)                                 0.13 r
  clock reconvergence pessimism                           0.00       0.13
  library hold time                                       0.04       0.17
  data required time                                                 0.17
  ------------------------------------------------------------------------------
  data required time                                                 0.17
  data arrival time                                                 -0.50
  ------------------------------------------------------------------------------
  slack (MET)                                                        0.33


  Startpoint: lsu_load_data_reg[20]
               (rising edge-triggered flip-flop clocked by clk)
  Endpoint: lsu_load_data_reg[20]
               (rising edge-triggered flip-flop clocked by clk)
  Last common pin: clk
  Path Group: clk
  Path Type: min

  Point                                                   Incr       Path
  ------------------------------------------------------------------------------
  clock clk (rise edge)                                   0.00       0.00
  clock network delay (propagated)                        0.13       0.13
  lsu_load_data_reg[20]/CK (DFFHQX1)                      0.00       0.13 r
  lsu_load_data_reg[20]/Q (DFFHQX1)                       0.25 &     0.37 f
  g34218/Y (AOI22X1)                                      0.07 &     0.44 r
  g34043/Y (NOR2X1)                                       0.06 &     0.50 f
  lsu_load_data_reg[20]/D (DFFHQX1)                       0.00 &     0.50 f
  data arrival time                                                  0.50

  clock clk (rise edge)                                   0.00       0.00
  clock network delay (propagated)                        0.13       0.13
  lsu_load_data_reg[20]/CK (DFFHQX1)                                 0.13 r
  clock reconvergence pessimism                           0.00       0.13
  library hold time                                       0.04       0.17
  data required time                                                 0.17
  ------------------------------------------------------------------------------
  data required time                                                 0.17
  data arrival time                                                 -0.50
  ------------------------------------------------------------------------------
  slack (MET)                                                        0.33


  Startpoint: regfile_regs_reg[0][5]
               (rising edge-triggered flip-flop clocked by clk)
  Endpoint: regfile_regs_reg[0][5]
               (rising edge-triggered flip-flop clocked by clk)
  Last common pin: clk
  Path Group: clk
  Path Type: min

  Point                                                   Incr       Path
  ------------------------------------------------------------------------------
  clock clk (rise edge)                                   0.00       0.00
  clock network delay (propagated)                        0.12       0.12
  regfile_regs_reg[0][5]/CK (DFFHQX1)                     0.00       0.12 r
  regfile_regs_reg[0][5]/Q (DFFHQX1)                      0.25 &     0.37 f
  g33332__9945/Y (NAND2X1)                                0.05 &     0.42 r
  g33183__9945/Y (OAI2BB1X1)                              0.07 &     0.48 f
  regfile_regs_reg[0][5]/D (DFFHQX1)                      0.00 &     0.48 f
  data arrival time                                                  0.48

  clock clk (rise edge)                                   0.00       0.00
  clock network delay (propagated)                        0.12       0.12
  regfile_regs_reg[0][5]/CK (DFFHQX1)                                0.12 r
  clock reconvergence pessimism                           0.00       0.12
  library hold time                                       0.03       0.15
  data required time                                                 0.15
  ------------------------------------------------------------------------------
  data required time                                                 0.15
  data arrival time                                                 -0.48
  ------------------------------------------------------------------------------
  slack (MET)                                                        0.33


  Startpoint: lsu_load_data_reg[16]
               (rising edge-triggered flip-flop clocked by clk)
  Endpoint: lsu_load_data_reg[16]
               (rising edge-triggered flip-flop clocked by clk)
  Last common pin: clk
  Path Group: clk
  Path Type: min

  Point                                                   Incr       Path
  ------------------------------------------------------------------------------
  clock clk (rise edge)                                   0.00       0.00
  clock network delay (propagated)                        0.13       0.13
  lsu_load_data_reg[16]/CK (DFFHQX1)                      0.00       0.13 r
  lsu_load_data_reg[16]/Q (DFFHQX1)                       0.25 &     0.37 f
  g34214/Y (AOI22X1)                                      0.07 &     0.44 r
  g34028/Y (NOR2X1)                                       0.06 &     0.50 f
  lsu_load_data_reg[16]/D (DFFHQX1)                       0.00 &     0.50 f
  data arrival time                                                  0.50

  clock clk (rise edge)                                   0.00       0.00
  clock network delay (propagated)                        0.13       0.13
  lsu_load_data_reg[16]/CK (DFFHQX1)                                 0.13 r
  clock reconvergence pessimism                           0.00       0.13
  library hold time                                       0.04       0.17
  data required time                                                 0.17
  ------------------------------------------------------------------------------
  data required time                                                 0.17
  data arrival time                                                 -0.50
  ------------------------------------------------------------------------------
  slack (MET)                                                        0.33


  Startpoint: lsu_load_data_reg[11]
               (rising edge-triggered flip-flop clocked by clk)
  Endpoint: lsu_load_data_reg[11]
               (rising edge-triggered flip-flop clocked by clk)
  Last common pin: clk
  Path Group: clk
  Path Type: min

  Point                                                   Incr       Path
  ------------------------------------------------------------------------------
  clock clk (rise edge)                                   0.00       0.00
  clock network delay (propagated)                        0.13       0.13
  lsu_load_data_reg[11]/CK (DFFHQX1)                      0.00       0.13 r
  lsu_load_data_reg[11]/Q (DFFHQX1)                       0.24 &     0.37 f
  g34208/Y (AOI22X1)                                      0.07 &     0.44 r
  g34023/Y (NOR2X1)                                       0.06 &     0.50 f
  lsu_load_data_reg[11]/D (DFFHQX1)                       0.00 &     0.50 f
  data arrival time                                                  0.50

  clock clk (rise edge)                                   0.00       0.00
  clock network delay (propagated)                        0.13       0.13
  lsu_load_data_reg[11]/CK (DFFHQX1)                                 0.13 r
  clock reconvergence pessimism                           0.00       0.13
  library hold time                                       0.04       0.17
  data required time                                                 0.17
  ------------------------------------------------------------------------------
  data required time                                                 0.17
  data arrival time                                                 -0.50
  ------------------------------------------------------------------------------
  slack (MET)                                                        0.33


  Startpoint: regfile_regs_reg[1][4]
               (rising edge-triggered flip-flop clocked by clk)
  Endpoint: regfile_regs_reg[1][4]
               (rising edge-triggered flip-flop clocked by clk)
  Last common pin: clk
  Path Group: clk
  Path Type: min

  Point                                                   Incr       Path
  ------------------------------------------------------------------------------
  clock clk (rise edge)                                   0.00       0.00
  clock network delay (propagated)                        0.13       0.13
  regfile_regs_reg[1][4]/CK (DFFHQX1)                     0.00       0.13 r
  regfile_regs_reg[1][4]/Q (DFFHQX1)                      0.25 &     0.38 f
  g33320__2802/Y (NAND2X1)                                0.05 &     0.43 r
  g33206__1617/Y (OAI2BB1X1)                              0.07 &     0.50 f
  regfile_regs_reg[1][4]/D (DFFHQX1)                      0.00 &     0.50 f
  data arrival time                                                  0.50

  clock clk (rise edge)                                   0.00       0.00
  clock network delay (propagated)                        0.13       0.13
  regfile_regs_reg[1][4]/CK (DFFHQX1)                                0.13 r
  clock reconvergence pessimism                           0.00       0.13
  library hold time                                       0.04       0.16
  data required time                                                 0.16
  ------------------------------------------------------------------------------
  data required time                                                 0.16
  data arrival time                                                 -0.50
  ------------------------------------------------------------------------------
  slack (MET)                                                        0.33


  Startpoint: lsu_load_data_reg[3]
               (rising edge-triggered flip-flop clocked by clk)
  Endpoint: lsu_load_data_reg[3]
               (rising edge-triggered flip-flop clocked by clk)
  Last common pin: clk
  Path Group: clk
  Path Type: min

  Point                                                   Incr       Path
  ------------------------------------------------------------------------------
  clock clk (rise edge)                                   0.00       0.00
  clock network delay (propagated)                        0.12       0.12
  lsu_load_data_reg[3]/CK (DFFHQX1)                       0.00       0.12 r
  lsu_load_data_reg[3]/Q (DFFHQX1)                        0.24 &     0.37 f
  g34201/Y (AOI22X1)                                      0.07 &     0.44 r
  g34015/Y (NOR2X1)                                       0.06 &     0.50 f
  lsu_load_data_reg[3]/D (DFFHQX1)                        0.00 &     0.50 f
  data arrival time                                                  0.50

  clock clk (rise edge)                                   0.00       0.00
  clock network delay (propagated)                        0.12       0.12
  lsu_load_data_reg[3]/CK (DFFHQX1)                                  0.12 r
  clock reconvergence pessimism                           0.00       0.12
  library hold time                                       0.04       0.16
  data required time                                                 0.16
  ------------------------------------------------------------------------------
  data required time                                                 0.16
  data arrival time                                                 -0.50
  ------------------------------------------------------------------------------
  slack (MET)                                                        0.33


  Startpoint: lsu_load_data_reg[31]
               (rising edge-triggered flip-flop clocked by clk)
  Endpoint: lsu_load_data_reg[31]
               (rising edge-triggered flip-flop clocked by clk)
  Last common pin: clk
  Path Group: clk
  Path Type: min

  Point                                                   Incr       Path
  ------------------------------------------------------------------------------
  clock clk (rise edge)                                   0.00       0.00
  clock network delay (propagated)                        0.12       0.12
  lsu_load_data_reg[31]/CK (DFFHQX1)                      0.00       0.12 r
  lsu_load_data_reg[31]/Q (DFFHQX1)                       0.24 &     0.36 f
  g34224/Y (AOI22X1)                                      0.07 &     0.44 r
  g34042/Y (NOR2X1)                                       0.06 &     0.49 f
  lsu_load_data_reg[31]/D (DFFHQX1)                       0.00 &     0.49 f
  data arrival time                                                  0.49

  clock clk (rise edge)                                   0.00       0.00
  clock network delay (propagated)                        0.12       0.12
  lsu_load_data_reg[31]/CK (DFFHQX1)                                 0.12 r
  clock reconvergence pessimism                           0.00       0.12
  library hold time                                       0.04       0.16
  data required time                                                 0.16
  ------------------------------------------------------------------------------
  data required time                                                 0.16
  data arrival time                                                 -0.49
  ------------------------------------------------------------------------------
  slack (MET)                                                        0.33


  Startpoint: control_state_reg[1]
               (rising edge-triggered flip-flop clocked by clk)
  Endpoint: control_instr_valid_reg
               (rising edge-triggered flip-flop clocked by clk)
  Last common pin: clk
  Path Group: clk
  Path Type: min

  Point                                                   Incr       Path
  ------------------------------------------------------------------------------
  clock clk (rise edge)                                   0.00       0.00
  clock network delay (propagated)                        0.12       0.12
  control_state_reg[1]/CK (DFFHQX1)                       0.00       0.12 r
  control_state_reg[1]/Q (DFFHQX1)                        0.24 &     0.37 r
  g33893/Y (OAI31X1)                                      0.12 &     0.49 f
  control_instr_valid_reg/D (DFFHQX1)                     0.00 &     0.49 f
  data arrival time                                                  0.49

  clock clk (rise edge)                                   0.00       0.00
  clock network delay (propagated)                        0.12       0.12
  control_instr_valid_reg/CK (DFFHQX1)                               0.12 r
  clock reconvergence pessimism                           0.00       0.12
  library hold time                                       0.03       0.15
  data required time                                                 0.15
  ------------------------------------------------------------------------------
  data required time                                                 0.15
  data arrival time                                                 -0.49
  ------------------------------------------------------------------------------
  slack (MET)                                                        0.33


  Startpoint: lsu_load_data_reg[26]
               (rising edge-triggered flip-flop clocked by clk)
  Endpoint: lsu_load_data_reg[26]
               (rising edge-triggered flip-flop clocked by clk)
  Last common pin: clk
  Path Group: clk
  Path Type: min

  Point                                                   Incr       Path
  ------------------------------------------------------------------------------
  clock clk (rise edge)                                   0.00       0.00
  clock network delay (propagated)                        0.12       0.12
  lsu_load_data_reg[26]/CK (DFFHQX1)                      0.00       0.12 r
  lsu_load_data_reg[26]/Q (DFFHQX1)                       0.24 &     0.36 f
  g34227/Y (AOI22X1)                                      0.07 &     0.43 r
  g34037/Y (NOR2X1)                                       0.06 &     0.50 f
  lsu_load_data_reg[26]/D (DFFHQX1)                       0.00 &     0.50 f
  data arrival time                                                  0.50

  clock clk (rise edge)                                   0.00       0.00
  clock network delay (propagated)                        0.12       0.12
  lsu_load_data_reg[26]/CK (DFFHQX1)                                 0.12 r
  clock reconvergence pessimism                           0.00       0.12
  library hold time                                       0.04       0.16
  data required time                                                 0.16
  ------------------------------------------------------------------------------
  data required time                                                 0.16
  data arrival time                                                 -0.50
  ------------------------------------------------------------------------------
  slack (MET)                                                        0.33


  Startpoint: regfile_regs_reg[4][5]
               (rising edge-triggered flip-flop clocked by clk)
  Endpoint: regfile_regs_reg[4][5]
               (rising edge-triggered flip-flop clocked by clk)
  Last common pin: clk
  Path Group: clk
  Path Type: min

  Point                                                   Incr       Path
  ------------------------------------------------------------------------------
  clock clk (rise edge)                                   0.00       0.00
  clock network delay (propagated)                        0.12       0.12
  regfile_regs_reg[4][5]/CK (DFFHQX1)                     0.00       0.12 r
  regfile_regs_reg[4][5]/Q (DFFHQX1)                      0.24 &     0.37 f
  g33172__1705/Y (AO22XL)                                 0.13 &     0.50 f
  regfile_regs_reg[4][5]/D (DFFHQX1)                      0.00 &     0.50 f
  data arrival time                                                  0.50

  clock clk (rise edge)                                   0.00       0.00
  clock network delay (propagated)                        0.12       0.12
  regfile_regs_reg[4][5]/CK (DFFHQX1)                                0.12 r
  clock reconvergence pessimism                           0.00       0.12
  library hold time                                       0.04       0.16
  data required time                                                 0.16
  ------------------------------------------------------------------------------
  data required time                                                 0.16
  data arrival time                                                 -0.50
  ------------------------------------------------------------------------------
  slack (MET)                                                        0.34


  Startpoint: lsu_load_data_reg[8]
               (rising edge-triggered flip-flop clocked by clk)
  Endpoint: lsu_load_data_reg[8]
               (rising edge-triggered flip-flop clocked by clk)
  Last common pin: clk
  Path Group: clk
  Path Type: min

  Point                                                   Incr       Path
  ------------------------------------------------------------------------------
  clock clk (rise edge)                                   0.00       0.00
  clock network delay (propagated)                        0.12       0.12
  lsu_load_data_reg[8]/CK (DFFHQX1)                       0.00       0.12 r
  lsu_load_data_reg[8]/Q (DFFHQX1)                        0.24 &     0.37 f
  g34206/Y (AOI22X1)                                      0.07 &     0.44 r
  g34020/Y (NOR2X1)                                       0.06 &     0.50 f
  lsu_load_data_reg[8]/D (DFFHQX1)                        0.00 &     0.50 f
  data arrival time                                                  0.50

  clock clk (rise edge)                                   0.00       0.00
  clock network delay (propagated)                        0.12       0.12
  lsu_load_data_reg[8]/CK (DFFHQX1)                                  0.12 r
  clock reconvergence pessimism                           0.00       0.12
  library hold time                                       0.04       0.16
  data required time                                                 0.16
  ------------------------------------------------------------------------------
  data required time                                                 0.16
  data arrival time                                                 -0.50
  ------------------------------------------------------------------------------
  slack (MET)                                                        0.34

Warning: report_timing has satisfied the max_paths criteria. There are 500 further endpoints which have paths of interest with slack less than  1000.00 that were not considered when generating this report. (UITE-502)

1
