xrun(64): 25.09-s001: (c) Copyright 1995-2025 Cadence Design Systems, Inc.
TOOL:	xrun(64)	25.09-s001: Started on Mar 12, 2026 at 10:27:33 EDT
xrun
	-clean
	-64bit
	-access +rwc
	-timescale 1ns/1ps
	-incdir /home/v71349/torch2rtl
	-incdir /home/v71349/torch2rtl/rtl
	-incdir /home/v71349/torch2rtl/tb
	-incdir /home/v71349/eda-pilot
	-incdir /home/v71349/eda-pilot/rtl
	-incdir /home/v71349/eda-pilot/tb
	-incdir /home/v71349/eda-pilot/examples/gpu_top_scalar
	-incdir /home/v71349/torch2rtl/rtl
	-incdir /home/v71349/torch2rtl/tb
	-l /home/v71349/eda-pilot/runs/digital-flow/20260312_102733_gpu_top_scalar/rtl-sim/xrun.log
	/home/v71349/torch2rtl/rtl/gpu_top_scalar.v
	/home/v71349/torch2rtl/tb/tb_gpu_inference_scalar.v
	+dump_vcd
	+vcd_file=/home/v71349/eda-pilot/runs/digital-flow/20260312_102733_gpu_top_scalar/rtl-sim/gpu_top_scalar_activity.vcd

   User defined plus("+") options:
	+dump_vcd
	+vcd_file=/home/v71349/eda-pilot/runs/digital-flow/20260312_102733_gpu_top_scalar/rtl-sim/gpu_top_scalar_activity.vcd

xrun: *N,CLEAN: Removing existing directory ./xcelium.d.
xmvlog: *W,NOTIND: unable to access -INCDIR /home/v71349/eda-pilot/rtl (No such file or directory).
xmvlog: *W,NOTIND: unable to access -INCDIR /home/v71349/eda-pilot/tb (No such file or directory).
xmvlog: *W,NOTIND: unable to access -INCDIR /home/v71349/eda-pilot/examples/gpu_top_scalar (No such file or directory).
file: /home/v71349/torch2rtl/rtl/gpu_top_scalar.v
	module worklib.gpu_decoder:v
		errors: 0, warnings: 0
	module worklib.gpu_control:v
		errors: 0, warnings: 0
	module worklib.lane_alu32:v
		errors: 0, warnings: 0
	module worklib.predicate_unit:v
		errors: 0, warnings: 0
	module worklib.vector_regfile_scalar:v
		errors: 0, warnings: 0
	module worklib.lane_cluster1:v
		errors: 0, warnings: 0
	module worklib.load_store_unit_scalar:v
		errors: 0, warnings: 0
	module worklib.gpu_top_scalar:v
		errors: 0, warnings: 0
file: /home/v71349/torch2rtl/tb/tb_gpu_inference_scalar.v
	module worklib.tb_gpu_inference_scalar:v
		errors: 0, warnings: 0
xmvlog: *W,SPDUSD: Include directory /home/v71349/torch2rtl given but not used.
xmvlog: *W,SPDUSD: Include directory /home/v71349/torch2rtl/tb given but not used.
xmvlog: *W,SPDUSD: Include directory /home/v71349/eda-pilot given but not used.
	Total errors/warnings found outside modules and primitives:
		errors: 0, warnings: 6
		Caching library 'worklib' ....... Done
	Elaborating the design hierarchy:
	Top level design units:
		worklib.tb_gpu_inference_scalar:v (module)
	Building instance overlay tables: .................... Done
	Generating native compiled code:
		worklib.predicate_unit:v <0x3eb39c33>
			streams:   3, words:   778
		worklib.load_store_unit_scalar:v <0x7cc1e802>
			streams:   6, words:  2738
		worklib.lane_alu32:v <0x29d29a07>
			streams:   1, words:  4534
		worklib.vector_regfile_scalar:v <0x5ccdbe0c>
			streams:   5, words:  2113
		worklib.gpu_control:v <0x78107ce2>
			streams:  18, words:  7730
		worklib.gpu_decoder:v <0x5ea41cea>
			streams:   1, words:  6974
		worklib.gpu_top_scalar:v <0x39d179a8>
			streams:   8, words:  1704
		worklib.tb_gpu_inference_scalar:v <0x10797393>
			streams:  12, words: 13655
	Building instance specific data structures.
	Loading native compiled code:     .................... Done
	Design hierarchy summary:
		                 Instances  Unique
		Modules:                 9       9
		Registers:              50      50
		Scalar wires:           33       -
		Vectored wires:         29       -
		Always blocks:          10      10
		Initial blocks:          1       1
		Cont. assignments:      16      33
		Pseudo assignments:      7       -
		Process Clocks:          5       1
		Simulation timescale:  1ps
	Writing initial simulation snapshot: worklib.tb_gpu_inference_scalar:v
Loading snapshot worklib.tb_gpu_inference_scalar:v .................... Done
xcelium> source /CMC/tools/cadence/XCELIUMMAIN25.09.001_lnx86/tools/xcelium/files/xmsimrc
xcelium> run
PASS tb_gpu_inference_scalar (5 checks, cycles=4129, fetched=1384)
Simulation complete via $finish(1) at time 41306 NS + 0
./tb/tb_gpu_inference_scalar.v:151         $finish;
xcelium> exit
TOOL:	xrun(64)	25.09-s001: Exiting on Mar 12, 2026 at 10:27:34 EDT  (total: 00:00:01)
